Base path: C:/Program Files/Unity/Editor/Data
Pipe name: \\.\pipe\UnityShaderCompiler-64bit-5-8384
Cmd: getPlatforms
Cmd: compileSnippet
  api=0 type=0 insize=7139 outsize=2627 kw=DIRECTIONAL SHADOWS_OFF LIGHTMAP_OFF DIRLIGHTMAP_COMBINED DYNAMICLIGHTMAP_ON pd= ok=1
Cmd: compileSnippet
  api=4 type=0 insize=7139 outsize=5117 kw=DIRECTIONAL SHADOWS_OFF LIGHTMAP_OFF DIRLIGHTMAP_OFF DYNAMICLIGHTMAP_OFF VERTEXLIGHT_ON pd= ok=1
Cmd: compileSnippet
  api=4 type=0 insize=7139 outsize=5507 kw=DIRECTIONAL SHADOWS_SCREEN LIGHTMAP_OFF DIRLIGHTMAP_OFF DYNAMICLIGHTMAP_OFF VERTEXLIGHT_ON pd= ok=1
Cmd: compileSnippet
  api=8 type=0 insize=7139 outsize=8661 kw=DIRECTIONAL SHADOWS_SCREEN SHADOWS_NATIVE LIGHTMAP_OFF DIRLIGHTMAP_OFF DYNAMICLIGHTMAP_OFF VERTEXLIGHT_ON pd=UNITY_NO_SCREENSPACE_SHADOWS UNITY_NO_LINEAR_COLORSPACE ok=1
Cmd: compileSnippet
  api=0 type=1 insize=7139 outsize=6 kw=DIRECTIONAL SHADOWS_OFF LIGHTMAP_OFF DIRLIGHTMAP_COMBINED DYNAMICLIGHTMAP_ON pd= ok=1
Cmd: compileSnippet
  api=0 type=1 insize=7139 outsize=6 kw=DIRECTIONAL SHADOWS_SCREEN LIGHTMAP_OFF DIRLIGHTMAP_OFF DYNAMICLIGHTMAP_OFF pd= ok=1
Cmd: compileSnippet
  api=1 type=1 insize=7139 outsize=605 kw=DIRECTIONAL SHADOWS_SCREEN LIGHTMAP_OFF DIRLIGHTMAP_OFF DYNAMICLIGHTMAP_OFF pd= ok=1
Cmd: compileSnippet
  api=8 type=0 insize=3868 outsize=3892 kw=POINT pd=UNITY_NO_SCREENSPACE_SHADOWS UNITY_NO_LINEAR_COLORSPACE ok=1
Cmd: compileSnippet
  api=0 type=0 insize=3868 outsize=2363 kw=SPOT pd= ok=1
Cmd: compileSnippet
  api=0 type=0 insize=3868 outsize=2092 kw=DIRECTIONAL_COOKIE pd= ok=1
Cmd: compileSnippet
  api=1 type=1 insize=3868 outsize=515 kw=DIRECTIONAL pd= ok=1
Cmd: compileSnippet
  api=0 type=1 insize=3868 outsize=6 kw=SPOT pd= ok=1
Cmd: compileSnippet
  api=1 type=1 insize=3868 outsize=744 kw=POINT_COOKIE pd= ok=1
Cmd: compileSnippet
  api=4 type=1 insize=3868 outsize=2623 kw=DIRECTIONAL_COOKIE pd= ok=1
Cmd: compileSnippet
  api=4 type=1 insize=2989 outsize=738 kw= pd= ok=1
Cmd: compileSnippet
  api=1 type=0 insize=6052 outsize=862 kw=LIGHTMAP_OFF DIRLIGHTMAP_COMBINED DYNAMICLIGHTMAP_ON HDR_LIGHT_PREPASS_OFF pd= ok=1
Cmd: compileSnippet
  api=4 type=0 insize=6052 outsize=4223 kw=LIGHTMAP_OFF DIRLIGHTMAP_COMBINED DYNAMICLIGHTMAP_ON HDR_LIGHT_PREPASS_OFF pd= ok=1
Cmd: compileSnippet
  api=0 type=0 insize=6052 outsize=3267 kw=LIGHTMAP_OFF DIRLIGHTMAP_COMBINED DYNAMICLIGHTMAP_ON UNITY_HDR_ON pd= ok=1
Cmd: compileSnippet
  api=8 type=1 insize=6052 outsize=2397 kw=LIGHTMAP_OFF DIRLIGHTMAP_OFF DYNAMICLIGHTMAP_OFF HDR_LIGHT_PREPASS_OFF pd=UNITY_NO_SCREENSPACE_SHADOWS UNITY_NO_LINEAR_COLORSPACE ok=1
Cmd: compileSnippet
  api=1 type=1 insize=6052 outsize=562 kw=LIGHTMAP_OFF DIRLIGHTMAP_COMBINED DYNAMICLIGHTMAP_ON UNITY_HDR_ON pd= ok=1
Cmd: compileSnippet
  api=4 type=0 insize=6241 outsize=3801 kw=LIGHTMAP_OFF DIRLIGHTMAP_OFF DYNAMICLIGHTMAP_OFF HDR_LIGHT_PREPASS_OFF pd= ok=1
Cmd: compileSnippet
  api=0 type=0 insize=6241 outsize=2651 kw=LIGHTMAP_OFF DIRLIGHTMAP_OFF DYNAMICLIGHTMAP_OFF UNITY_HDR_ON pd= ok=1
Cmd: compileSnippet
  api=4 type=1 insize=6241 outsize=1680 kw=LIGHTMAP_OFF DIRLIGHTMAP_OFF DYNAMICLIGHTMAP_OFF HDR_LIGHT_PREPASS_OFF pd= ok=1
Cmd: compileSnippet
  api=8 type=1 insize=6241 outsize=2316 kw=LIGHTMAP_OFF DIRLIGHTMAP_OFF DYNAMICLIGHTMAP_OFF UNITY_HDR_ON pd=UNITY_NO_SCREENSPACE_SHADOWS UNITY_NO_LINEAR_COLORSPACE ok=1
Cmd: compileSnippet
  api=8 type=0 insize=3180 outsize=3591 kw= pd=UNITY_NO_SCREENSPACE_SHADOWS UNITY_NO_LINEAR_COLORSPACE ok=1
Cmd: compileSnippet
  api=1 type=0 insize=982 outsize=842 kw=DIRECTIONAL SHADOWS_OFF LIGHTMAP_OFF DIRLIGHTMAP_OFF DYNAMICLIGHTMAP_OFF pd= ok=1
Cmd: compileSnippet
  api=4 type=0 insize=982 outsize=4776 kw=DIRECTIONAL SHADOWS_SCREEN LIGHTMAP_OFF DIRLIGHTMAP_COMBINED DYNAMICLIGHTMAP_ON pd= ok=1
Cmd: compileSnippet
  api=1 type=0 insize=982 outsize=1336 kw=DIRECTIONAL SHADOWS_OFF LIGHTMAP_OFF DIRLIGHTMAP_OFF DYNAMICLIGHTMAP_OFF VERTEXLIGHT_ON pd= ok=1
Cmd: compileSnippet
  api=4 type=0 insize=982 outsize=5393 kw=DIRECTIONAL SHADOWS_OFF LIGHTMAP_OFF DIRLIGHTMAP_OFF DYNAMICLIGHTMAP_OFF VERTEXLIGHT_ON pd= ok=1
Cmd: compileSnippet
  api=0 type=0 insize=982 outsize=11053 kw=DIRECTIONAL SHADOWS_OFF LIGHTMAP_OFF DIRLIGHTMAP_COMBINED DYNAMICLIGHTMAP_ON VERTEXLIGHT_ON pd= ok=1
Cmd: compileSnippet
  api=0 type=0 insize=982 outsize=11164 kw=DIRECTIONAL SHADOWS_OFF LIGHTMAP_OFF DIRLIGHTMAP_COMBINED DYNAMICLIGHTMAP_ON _ALPHABLEND_ON pd= ok=1
Cmd: compileSnippet
  api=4 type=0 insize=982 outsize=5393 kw=DIRECTIONAL SHADOWS_OFF LIGHTMAP_OFF DIRLIGHTMAP_OFF DYNAMICLIGHTMAP_OFF VERTEXLIGHT_ON _ALPHABLEND_ON pd= ok=1
Cmd: compileSnippet
  api=1 type=0 insize=982 outsize=946 kw=DIRECTIONAL SHADOWS_OFF LIGHTMAP_OFF DIRLIGHTMAP_COMBINED DYNAMICLIGHTMAP_ON VERTEXLIGHT_ON _ALPHABLEND_ON pd= ok=1
Cmd: compileSnippet
  api=0 type=0 insize=982 outsize=11955 kw=DIRECTIONAL SHADOWS_SCREEN LIGHTMAP_OFF DIRLIGHTMAP_OFF DYNAMICLIGHTMAP_OFF VERTEXLIGHT_ON _ALPHABLEND_ON pd= ok=1
Cmd: compileSnippet
  api=0 type=1 insize=982 outsize=6 kw=DIRECTIONAL SHADOWS_OFF LIGHTMAP_OFF DIRLIGHTMAP_OFF DYNAMICLIGHTMAP_OFF pd= ok=1
Cmd: compileSnippet
  api=1 type=1 insize=982 outsize=4121 kw=DIRECTIONAL SHADOWS_SCREEN LIGHTMAP_OFF DIRLIGHTMAP_COMBINED DYNAMICLIGHTMAP_ON pd= ok=1
Cmd: compileSnippet
  api=0 type=1 insize=982 outsize=6 kw=DIRECTIONAL SHADOWS_SCREEN LIGHTMAP_OFF DIRLIGHTMAP_OFF DYNAMICLIGHTMAP_OFF _ALPHABLEND_ON pd= ok=1
Cmd: compileSnippet
  api=4 type=1 insize=982 outsize=11414 kw=DIRECTIONAL SHADOWS_SCREEN LIGHTMAP_OFF DIRLIGHTMAP_COMBINED DYNAMICLIGHTMAP_ON _ALPHABLEND_ON pd= ok=1
Cmd: compileSnippet
  api=0 type=0 insize=938 outsize=6301 kw=SPOT SHADOWS_OFF pd= ok=1
Cmd: compileSnippet
  api=1 type=0 insize=938 outsize=1027 kw=SPOT SHADOWS_DEPTH SHADOWS_NATIVE pd= ok=1
Cmd: compileSnippet
  api=4 type=0 insize=938 outsize=4459 kw=DIRECTIONAL SHADOWS_SCREEN pd= ok=1
Cmd: compileSnippet
  api=0 type=0 insize=938 outsize=6899 kw=POINT SHADOWS_CUBE pd= ok=1
Cmd: compileSnippet
  api=4 type=0 insize=938 outsize=5206 kw=SPOT SHADOWS_DEPTH SHADOWS_SOFT SHADOWS_NATIVE pd= ok=1
Cmd: compileSnippet
  api=0 type=0 insize=938 outsize=7969 kw=POINT_COOKIE SHADOWS_CUBE SHADOWS_SOFT pd= ok=1
Cmd: compileSnippet
  api=1 type=0 insize=938 outsize=937 kw=SPOT SHADOWS_OFF _ALPHABLEND_ON pd= ok=1
Cmd: compileSnippet
  api=1 type=0 insize=938 outsize=923 kw=POINT_COOKIE SHADOWS_OFF _ALPHABLEND_ON pd= ok=1
Cmd: compileSnippet
  api=0 type=0 insize=938 outsize=6112 kw=DIRECTIONAL_COOKIE SHADOWS_OFF _ALPHABLEND_ON pd= ok=1
Cmd: compileSnippet
  api=4 type=0 insize=938 outsize=4459 kw=DIRECTIONAL SHADOWS_SCREEN _ALPHABLEND_ON pd= ok=1
Cmd: compileSnippet
  api=4 type=0 insize=938 outsize=5149 kw=DIRECTIONAL_COOKIE SHADOWS_SCREEN _ALPHABLEND_ON pd= ok=1
Cmd: compileSnippet
  api=4 type=0 insize=938 outsize=4938 kw=POINT SHADOWS_CUBE _ALPHABLEND_ON pd= ok=1
Cmd: compileSnippet
  api=4 type=0 insize=938 outsize=4938 kw=POINT_COOKIE SHADOWS_CUBE _ALPHABLEND_ON pd= ok=1
Cmd: compileSnippet
  api=0 type=0 insize=938 outsize=7231 kw=SPOT SHADOWS_DEPTH SHADOWS_SOFT SHADOWS_NATIVE _ALPHABLEND_ON pd= ok=1
Cmd: compileSnippet
  api=1 type=1 insize=938 outsize=2070 kw=DIRECTIONAL SHADOWS_OFF pd= ok=1
Cmd: compileSnippet
  api=0 type=1 insize=938 outsize=6 kw=DIRECTIONAL_COOKIE SHADOWS_OFF pd= ok=1
Cmd: compileSnippet
  api=4 type=1 insize=938 outsize=7051 kw=SPOT SHADOWS_DEPTH SHADOWS_NATIVE pd= ok=1
Cmd: compileSnippet
  api=0 type=1 insize=938 outsize=6 kw=POINT SHADOWS_CUBE pd= ok=1
Cmd: compileSnippet
  api=4 type=1 insize=938 outsize=6644 kw=POINT SHADOWS_CUBE pd= ok=1
Cmd: compileSnippet
  api=4 type=1 insize=938 outsize=7660 kw=SPOT SHADOWS_DEPTH SHADOWS_SOFT SHADOWS_NATIVE pd= ok=1
Cmd: compileSnippet
  api=1 type=1 insize=938 outsize=2143 kw=POINT SHADOWS_OFF _ALPHABLEND_ON pd= ok=1
Cmd: compileSnippet
  api=4 type=1 insize=938 outsize=6173 kw=POINT_COOKIE SHADOWS_OFF _ALPHABLEND_ON pd= ok=1
Cmd: compileSnippet
  api=0 type=1 insize=938 outsize=6 kw=SPOT SHADOWS_DEPTH SHADOWS_NATIVE _ALPHABLEND_ON pd= ok=1
Cmd: compileSnippet
  api=1 type=1 insize=938 outsize=2396 kw=SPOT SHADOWS_DEPTH SHADOWS_NATIVE _ALPHABLEND_ON pd= ok=1
Cmd: compileSnippet
  api=4 type=1 insize=938 outsize=5848 kw=DIRECTIONAL SHADOWS_SCREEN _ALPHABLEND_ON pd= ok=1
Cmd: compileSnippet
  api=0 type=1 insize=938 outsize=6 kw=POINT_COOKIE SHADOWS_CUBE _ALPHABLEND_ON pd= ok=1
Cmd: compileSnippet
  api=1 type=1 insize=938 outsize=2438 kw=POINT_COOKIE SHADOWS_CUBE _ALPHABLEND_ON pd= ok=1
Cmd: compileSnippet
  api=0 type=1 insize=938 outsize=6 kw=POINT SHADOWS_CUBE SHADOWS_SOFT _ALPHABLEND_ON pd= ok=1
Cmd: compileSnippet
  api=0 type=1 insize=938 outsize=6 kw=POINT_COOKIE SHADOWS_CUBE SHADOWS_SOFT _ALPHABLEND_ON pd= ok=1
Cmd: compileSnippet
  api=1 type=1 insize=938 outsize=2669 kw=POINT_COOKIE SHADOWS_CUBE SHADOWS_SOFT _ALPHABLEND_ON pd= ok=1
Cmd: compileSnippet
  api=1 type=0 insize=751 outsize=199 kw=SHADOWS_CUBE pd= ok=1
Cmd: compileSnippet
  api=1 type=0 insize=751 outsize=879 kw=SHADOWS_DEPTH _ALPHABLEND_ON pd= ok=1
Cmd: compileSnippet
  api=1 type=1 insize=751 outsize=98 kw=SHADOWS_CUBE pd= ok=1
Cmd: compileSnippet
  api=4 type=1 insize=751 outsize=1436 kw=SHADOWS_CUBE _ALPHABLEND_ON pd= ok=1
Cmd: compileSnippet
  api=4 type=0 insize=1152 outsize=3979 kw=LIGHTMAP_OFF DIRLIGHTMAP_OFF DYNAMICLIGHTMAP_OFF pd= ok=1
Cmd: compileSnippet
  api=4 type=0 insize=1152 outsize=4703 kw=LIGHTMAP_OFF DIRLIGHTMAP_COMBINED DYNAMICLIGHTMAP_OFF pd= ok=1
Cmd: compileSnippet
  api=4 type=0 insize=1152 outsize=4703 kw=LIGHTMAP_OFF DIRLIGHTMAP_COMBINED DYNAMICLIGHTMAP_OFF _ALPHABLEND_ON pd= ok=1
Cmd: compileSnippet
  api=1 type=0 insize=1152 outsize=946 kw=LIGHTMAP_OFF DIRLIGHTMAP_COMBINED DYNAMICLIGHTMAP_ON pd= ok=1
Cmd: compileSnippet
  api=4 type=0 insize=1152 outsize=4418 kw=LIGHTMAP_OFF DIRLIGHTMAP_COMBINED DYNAMICLIGHTMAP_ON pd= ok=1
Cmd: compileSnippet
  api=1 type=0 insize=1152 outsize=946 kw=LIGHTMAP_OFF DIRLIGHTMAP_COMBINED DYNAMICLIGHTMAP_ON _ALPHABLEND_ON pd= ok=1
Cmd: compileSnippet
  api=0 type=0 insize=1152 outsize=5246 kw=LIGHTMAP_OFF DIRLIGHTMAP_SEPARATE DYNAMICLIGHTMAP_OFF pd= ok=1
Cmd: compileSnippet
  api=4 type=0 insize=1152 outsize=4703 kw=LIGHTMAP_OFF DIRLIGHTMAP_COMBINED DYNAMICLIGHTMAP_OFF UNITY_HDR_ON pd= ok=1
Cmd: compileSnippet
  api=0 type=0 insize=1152 outsize=5131 kw=LIGHTMAP_OFF DIRLIGHTMAP_COMBINED DYNAMICLIGHTMAP_ON UNITY_HDR_ON pd= ok=1
Cmd: compileSnippet
  api=4 type=0 insize=1152 outsize=4703 kw=LIGHTMAP_OFF DIRLIGHTMAP_SEPARATE DYNAMICLIGHTMAP_OFF UNITY_HDR_ON _ALPHABLEND_ON pd= ok=1
Cmd: compileSnippet
  api=4 type=1 insize=1152 outsize=2818 kw=LIGHTMAP_OFF DIRLIGHTMAP_OFF DYNAMICLIGHTMAP_OFF _ALPHABLEND_ON pd= ok=1
Cmd: compileSnippet
  api=1 type=1 insize=1152 outsize=977 kw=LIGHTMAP_OFF DIRLIGHTMAP_COMBINED DYNAMICLIGHTMAP_ON pd= ok=1
Cmd: compileSnippet
  api=0 type=1 insize=1152 outsize=6 kw=LIGHTMAP_OFF DIRLIGHTMAP_SEPARATE DYNAMICLIGHTMAP_OFF _ALPHABLEND_ON pd= ok=1
Cmd: compileSnippet
  api=0 type=1 insize=1152 outsize=6 kw=LIGHTMAP_OFF DIRLIGHTMAP_OFF DYNAMICLIGHTMAP_OFF UNITY_HDR_ON pd= ok=1
Cmd: compileSnippet
  api=0 type=1 insize=1152 outsize=6 kw=LIGHTMAP_OFF DIRLIGHTMAP_COMBINED DYNAMICLIGHTMAP_OFF UNITY_HDR_ON pd= ok=1
Cmd: compileSnippet
  api=1 type=1 insize=1152 outsize=618 kw=LIGHTMAP_OFF DIRLIGHTMAP_COMBINED DYNAMICLIGHTMAP_OFF UNITY_HDR_ON _ALPHABLEND_ON pd= ok=1
Cmd: compileSnippet
  api=0 type=1 insize=1152 outsize=6 kw=LIGHTMAP_OFF DIRLIGHTMAP_SEPARATE DYNAMICLIGHTMAP_OFF UNITY_HDR_ON pd= ok=1
Cmd: compileSnippet
  api=0 type=1 insize=1152 outsize=6 kw=LIGHTMAP_OFF DIRLIGHTMAP_SEPARATE DYNAMICLIGHTMAP_OFF UNITY_HDR_ON _ALPHABLEND_ON pd= ok=1
Cmd: compileSnippet
  api=1 type=1 insize=1152 outsize=618 kw=LIGHTMAP_OFF DIRLIGHTMAP_SEPARATE DYNAMICLIGHTMAP_OFF UNITY_HDR_ON _ALPHABLEND_ON pd= ok=1
Cmd: compileSnippet
  api=8 type=1 insize=530 outsize=3096 kw= pd=UNITY_NO_SCREENSPACE_SHADOWS UNITY_NO_LINEAR_COLORSPACE ok=1
Cmd: compileSnippet
  api=1 type=0 insize=886 outsize=979 kw=DIRECTIONAL SHADOWS_SCREEN LIGHTMAP_OFF DIRLIGHTMAP_OFF DYNAMICLIGHTMAP_OFF pd= ok=1
Cmd: compileSnippet
  api=0 type=0 insize=886 outsize=6456 kw=DIRECTIONAL SHADOWS_OFF LIGHTMAP_OFF DIRLIGHTMAP_OFF DYNAMICLIGHTMAP_OFF VERTEXLIGHT_ON pd= ok=1
Cmd: compileSnippet
  api=8 type=0 insize=886 outsize=7402 kw=DIRECTIONAL SHADOWS_SCREEN SHADOWS_NATIVE LIGHTMAP_OFF DIRLIGHTMAP_OFF DYNAMICLIGHTMAP_OFF pd=UNITY_NO_SCREENSPACE_SHADOWS UNITY_NO_LINEAR_COLORSPACE ok=1
Cmd: compileSnippet
  api=8 type=0 insize=886 outsize=6346 kw=DIRECTIONAL SHADOWS_OFF LIGHTMAP_OFF DIRLIGHTMAP_OFF DYNAMICLIGHTMAP_OFF _ALPHABLEND_ON pd=UNITY_NO_SCREENSPACE_SHADOWS UNITY_NO_LINEAR_COLORSPACE ok=1
Cmd: compileSnippet
  api=4 type=0 insize=886 outsize=4670 kw=DIRECTIONAL SHADOWS_SCREEN LIGHTMAP_OFF DIRLIGHTMAP_OFF DYNAMICLIGHTMAP_OFF _ALPHABLEND_ON pd= ok=1
Cmd: compileSnippet
  api=1 type=0 insize=886 outsize=1345 kw=DIRECTIONAL SHADOWS_OFF LIGHTMAP_OFF DIRLIGHTMAP_OFF DYNAMICLIGHTMAP_OFF VERTEXLIGHT_ON _ALPHABLEND_ON pd= ok=1
Cmd: compileSnippet
  api=0 type=0 insize=886 outsize=6951 kw=DIRECTIONAL SHADOWS_SCREEN LIGHTMAP_OFF DIRLIGHTMAP_OFF DYNAMICLIGHTMAP_OFF VERTEXLIGHT_ON _ALPHABLEND_ON pd= ok=1
Cmd: compileSnippet
  api=1 type=1 insize=886 outsize=1222 kw=DIRECTIONAL SHADOWS_SCREEN LIGHTMAP_OFF DIRLIGHTMAP_OFF DYNAMICLIGHTMAP_OFF pd= ok=1
Cmd: compileSnippet
  api=1 type=1 insize=886 outsize=1163 kw=DIRECTIONAL SHADOWS_OFF LIGHTMAP_OFF DIRLIGHTMAP_OFF DYNAMICLIGHTMAP_OFF _ALPHABLEND_ON pd= ok=1
Cmd: compileSnippet
  api=8 type=1 insize=886 outsize=6581 kw=DIRECTIONAL SHADOWS_SCREEN SHADOWS_NATIVE LIGHTMAP_OFF DIRLIGHTMAP_OFF DYNAMICLIGHTMAP_OFF _ALPHABLEND_ON pd=UNITY_NO_SCREENSPACE_SHADOWS UNITY_NO_LINEAR_COLORSPACE ok=1
Cmd: compileSnippet
  api=0 type=0 insize=816 outsize=4604 kw=DIRECTIONAL SHADOWS_OFF pd= ok=1
Cmd: compileSnippet
  api=4 type=0 insize=816 outsize=5101 kw=POINT_COOKIE SHADOWS_OFF pd= ok=1
Cmd: compileSnippet
  api=0 type=0 insize=816 outsize=4838 kw=DIRECTIONAL_COOKIE SHADOWS_OFF pd= ok=1
Cmd: compileSnippet
  api=1 type=0 insize=816 outsize=951 kw=DIRECTIONAL SHADOWS_SCREEN pd= ok=1
Cmd: compileSnippet
  api=1 type=0 insize=816 outsize=1007 kw=DIRECTIONAL_COOKIE SHADOWS_SCREEN pd= ok=1
Cmd: compileSnippet
  api=4 type=0 insize=816 outsize=5247 kw=POINT SHADOWS_CUBE pd= ok=1
Cmd: compileSnippet
  api=4 type=0 insize=816 outsize=5247 kw=POINT_COOKIE SHADOWS_CUBE pd= ok=1
Cmd: compileSnippet
  api=8 type=0 insize=816 outsize=7824 kw=DIRECTIONAL_COOKIE SHADOWS_SCREEN SHADOWS_NATIVE pd=UNITY_NO_SCREENSPACE_SHADOWS UNITY_NO_LINEAR_COLORSPACE ok=1
Cmd: compileSnippet
  api=1 type=0 insize=816 outsize=803 kw=DIRECTIONAL SHADOWS_OFF _ALPHABLEND_ON pd= ok=1
Cmd: compileSnippet
  api=8 type=0 insize=816 outsize=6208 kw=DIRECTIONAL SHADOWS_OFF _ALPHABLEND_ON pd=UNITY_NO_SCREENSPACE_SHADOWS UNITY_NO_LINEAR_COLORSPACE ok=1
Cmd: compileSnippet
  api=0 type=0 insize=816 outsize=5033 kw=POINT_COOKIE SHADOWS_OFF _ALPHABLEND_ON pd= ok=1
Cmd: compileSnippet
  api=1 type=0 insize=816 outsize=989 kw=SPOT SHADOWS_DEPTH SHADOWS_NATIVE _ALPHABLEND_ON pd= ok=1
Cmd: compileSnippet
  api=8 type=0 insize=816 outsize=8003 kw=SPOT SHADOWS_DEPTH SHADOWS_NATIVE _ALPHABLEND_ON pd=UNITY_NO_SCREENSPACE_SHADOWS UNITY_NO_LINEAR_COLORSPACE ok=1
Cmd: compileSnippet
  api=0 type=0 insize=816 outsize=5748 kw=POINT SHADOWS_CUBE _ALPHABLEND_ON pd= ok=1
Cmd: compileSnippet
  api=8 type=0 insize=816 outsize=7824 kw=DIRECTIONAL_COOKIE SHADOWS_SCREEN SHADOWS_NATIVE _ALPHABLEND_ON pd=UNITY_NO_SCREENSPACE_SHADOWS UNITY_NO_LINEAR_COLORSPACE ok=1
Cmd: compileSnippet
  api=0 type=1 insize=816 outsize=6 kw=DIRECTIONAL SHADOWS_OFF pd= ok=1
Cmd: compileSnippet
  api=8 type=1 insize=816 outsize=3892 kw=DIRECTIONAL SHADOWS_OFF pd=UNITY_NO_SCREENSPACE_SHADOWS UNITY_NO_LINEAR_COLORSPACE ok=1
Cmd: compileSnippet
  api=1 type=1 insize=816 outsize=857 kw=POINT_COOKIE SHADOWS_OFF pd= ok=1
Cmd: compileSnippet
  api=0 type=1 insize=816 outsize=6 kw=DIRECTIONAL_COOKIE SHADOWS_OFF pd= ok=1
Cmd: compileSnippet
  api=1 type=1 insize=816 outsize=783 kw=DIRECTIONAL_COOKIE SHADOWS_OFF pd= ok=1
Cmd: compileSnippet
  api=0 type=1 insize=816 outsize=6 kw=SPOT SHADOWS_DEPTH SHADOWS_NATIVE pd= ok=1
Cmd: compileSnippet
  api=4 type=1 insize=816 outsize=3914 kw=SPOT SHADOWS_DEPTH SHADOWS_NATIVE pd= ok=1
Cmd: compileSnippet
  api=0 type=1 insize=816 outsize=6 kw=DIRECTIONAL_COOKIE SHADOWS_SCREEN pd= ok=1
Cmd: compileSnippet
  api=4 type=1 insize=816 outsize=3159 kw=DIRECTIONAL_COOKIE SHADOWS_SCREEN pd= ok=1
Cmd: compileSnippet
  api=1 type=1 insize=816 outsize=1049 kw=POINT_COOKIE SHADOWS_CUBE pd= ok=1
Cmd: compileSnippet
  api=8 type=1 insize=816 outsize=4607 kw=DIRECTIONAL SHADOWS_SCREEN SHADOWS_NATIVE pd=UNITY_NO_SCREENSPACE_SHADOWS UNITY_NO_LINEAR_COLORSPACE ok=1
Cmd: compileSnippet
  api=0 type=1 insize=816 outsize=6 kw=SPOT SHADOWS_OFF _ALPHABLEND_ON pd= ok=1
Cmd: compileSnippet
  api=1 type=1 insize=816 outsize=868 kw=POINT_COOKIE SHADOWS_OFF _ALPHABLEND_ON pd= ok=1
Cmd: compileSnippet
  api=8 type=1 insize=816 outsize=4680 kw=POINT_COOKIE SHADOWS_OFF _ALPHABLEND_ON pd=UNITY_NO_SCREENSPACE_SHADOWS UNITY_NO_LINEAR_COLORSPACE ok=1
Cmd: compileSnippet
  api=4 type=1 insize=816 outsize=2923 kw=DIRECTIONAL SHADOWS_SCREEN _ALPHABLEND_ON pd= ok=1
Cmd: compileSnippet
  api=4 type=1 insize=816 outsize=3606 kw=POINT SHADOWS_CUBE _ALPHABLEND_ON pd= ok=1
Cmd: compileSnippet
  api=8 type=1 insize=816 outsize=5753 kw=POINT_COOKIE SHADOWS_CUBE _ALPHABLEND_ON pd=UNITY_NO_SCREENSPACE_SHADOWS UNITY_NO_LINEAR_COLORSPACE ok=1
Cmd: compileSnippet
  api=4 type=0 insize=600 outsize=3533 kw=SHADOWS_DEPTH pd= ok=1
Cmd: compileSnippet
  api=1 type=0 insize=600 outsize=878 kw=SHADOWS_DEPTH _ALPHABLEND_ON pd= ok=1
Cmd: compileSnippet
  api=0 type=0 insize=600 outsize=843 kw=SHADOWS_CUBE _ALPHABLEND_ON pd= ok=1
Cmd: compileSnippet
  api=4 type=1 insize=600 outsize=380 kw=SHADOWS_DEPTH pd= ok=1
Cmd: compileSnippet
  api=1 type=1 insize=600 outsize=159 kw=SHADOWS_DEPTH _ALPHABLEND_ON pd= ok=1
Cmd: compileSnippet
  api=4 type=1 insize=600 outsize=1038 kw=SHADOWS_CUBE _ALPHABLEND_ON pd= ok=1
Cmd: compileSnippet
  api=8 type=0 insize=530 outsize=3380 kw= pd=UNITY_NO_SCREENSPACE_SHADOWS UNITY_NO_LINEAR_COLORSPACE ok=1
Cmd: compileSnippet
  api=0 type=0 insize=13030 outsize=5705 kw=_SUNDISK_NONE pd= ok=1
Cmd: compileSnippet
  api=4 type=0 insize=13030 outsize=11268 kw=_SUNDISK_SIMPLE pd= ok=1
Cmd: compileSnippet
  api=0 type=0 insize=13030 outsize=5524 kw=UNITY_COLORSPACE_GAMMA _SUNDISK_NONE pd= ok=1
Cmd: compileSnippet
  api=0 type=0 insize=13030 outsize=6315 kw=UNITY_COLORSPACE_GAMMA _SUNDISK_SIMPLE pd= ok=1
Cmd: compileSnippet
  api=4 type=0 insize=13030 outsize=11024 kw=UNITY_COLORSPACE_GAMMA _SUNDISK_HIGH_QUALITY pd= ok=1
Cmd: compileSnippet
  api=8 type=1 insize=13030 outsize=1259 kw=_SUNDISK_NONE pd=UNITY_NO_SCREENSPACE_SHADOWS UNITY_NO_LINEAR_COLORSPACE ok=1
Cmd: compileSnippet
  api=4 type=1 insize=13030 outsize=2338 kw=_SUNDISK_HIGH_QUALITY pd= ok=1
Cmd: compileSnippet
  api=8 type=1 insize=13030 outsize=1446 kw=UNITY_COLORSPACE_GAMMA _SUNDISK_NONE pd=UNITY_NO_SCREENSPACE_SHADOWS UNITY_NO_LINEAR_COLORSPACE ok=1
Cmd: compileSnippet
  api=0 type=1 insize=13030 outsize=6 kw=UNITY_COLORSPACE_GAMMA _SUNDISK_HIGH_QUALITY pd= ok=1
Cmd: compileSnippet
  api=4 type=0 insize=7058 outsize=3809 kw=DIRECTIONAL SHADOWS_OFF LIGHTMAP_OFF DIRLIGHTMAP_OFF DYNAMICLIGHTMAP_OFF pd= ok=1
Cmd: compileSnippet
  api=1 type=0 insize=7058 outsize=733 kw=DIRECTIONAL SHADOWS_SCREEN LIGHTMAP_OFF DIRLIGHTMAP_OFF DYNAMICLIGHTMAP_OFF pd= ok=1
Cmd: compileSnippet
  api=1 type=0 insize=7058 outsize=694 kw=DIRECTIONAL SHADOWS_SCREEN LIGHTMAP_OFF DIRLIGHTMAP_COMBINED DYNAMICLIGHTMAP_ON pd= ok=1
Cmd: compileSnippet
  api=8 type=0 insize=7058 outsize=7800 kw=DIRECTIONAL SHADOWS_OFF LIGHTMAP_OFF DIRLIGHTMAP_OFF DYNAMICLIGHTMAP_OFF VERTEXLIGHT_ON pd=UNITY_NO_SCREENSPACE_SHADOWS UNITY_NO_LINEAR_COLORSPACE ok=1
Cmd: compileSnippet
  api=1 type=0 insize=7058 outsize=694 kw=DIRECTIONAL SHADOWS_SCREEN LIGHTMAP_OFF DIRLIGHTMAP_COMBINED DYNAMICLIGHTMAP_ON VERTEXLIGHT_ON pd= ok=1
Cmd: compileSnippet
  api=8 type=0 insize=7058 outsize=6484 kw=DIRECTIONAL SHADOWS_SCREEN SHADOWS_NATIVE LIGHTMAP_OFF DIRLIGHTMAP_OFF DYNAMICLIGHTMAP_OFF pd=UNITY_NO_SCREENSPACE_SHADOWS UNITY_NO_LINEAR_COLORSPACE ok=1
Cmd: compileSnippet
  api=1 type=1 insize=7058 outsize=684 kw=DIRECTIONAL SHADOWS_OFF LIGHTMAP_OFF DIRLIGHTMAP_COMBINED DYNAMICLIGHTMAP_ON pd= ok=1
Cmd: compileSnippet
  api=4 type=1 insize=7058 outsize=1704 kw=DIRECTIONAL SHADOWS_SCREEN LIGHTMAP_OFF DIRLIGHTMAP_OFF DYNAMICLIGHTMAP_OFF pd= ok=1
Cmd: compileSnippet
  api=4 type=0 insize=3804 outsize=2899 kw=POINT pd= ok=1
Cmd: compileSnippet
  api=8 type=0 insize=3804 outsize=4087 kw=DIRECTIONAL pd=UNITY_NO_SCREENSPACE_SHADOWS UNITY_NO_LINEAR_COLORSPACE ok=1
Cmd: compileSnippet
  api=0 type=0 insize=3804 outsize=1961 kw=POINT_COOKIE pd= ok=1
Cmd: compileSnippet
  api=0 type=1 insize=3804 outsize=6 kw=POINT pd= ok=1
Cmd: compileSnippet
  api=4 type=1 insize=3804 outsize=1241 kw=DIRECTIONAL pd= ok=1
Cmd: compileSnippet
  api=4 type=1 insize=3804 outsize=2517 kw=SPOT pd= ok=1
Cmd: compileSnippet
  api=4 type=1 insize=3804 outsize=1745 kw=DIRECTIONAL_COOKIE pd= ok=1
Cmd: compileSnippet
  api=4 type=1 insize=2937 outsize=697 kw= pd= ok=1
Cmd: compileSnippet
  api=0 type=0 insize=6071 outsize=3182 kw=LIGHTMAP_OFF DIRLIGHTMAP_COMBINED DYNAMICLIGHTMAP_ON HDR_LIGHT_PREPASS_OFF pd= ok=1
Cmd: compileSnippet
  api=4 type=0 insize=6071 outsize=4369 kw=LIGHTMAP_OFF DIRLIGHTMAP_COMBINED DYNAMICLIGHTMAP_ON UNITY_HDR_ON pd= ok=1
Cmd: compileSnippet
  api=8 type=1 insize=6071 outsize=2080 kw=LIGHTMAP_OFF DIRLIGHTMAP_OFF DYNAMICLIGHTMAP_OFF HDR_LIGHT_PREPASS_OFF pd=UNITY_NO_SCREENSPACE_SHADOWS UNITY_NO_LINEAR_COLORSPACE ok=1
Cmd: compileSnippet
  api=1 type=1 insize=6071 outsize=505 kw=LIGHTMAP_OFF DIRLIGHTMAP_COMBINED DYNAMICLIGHTMAP_ON UNITY_HDR_ON pd= ok=1
Cmd: compileSnippet
  api=0 type=0 insize=6135 outsize=2685 kw=LIGHTMAP_OFF DIRLIGHTMAP_COMBINED DYNAMICLIGHTMAP_ON HDR_LIGHT_PREPASS_OFF pd= ok=1
Cmd: compileSnippet
  api=8 type=0 insize=6135 outsize=5590 kw=LIGHTMAP_OFF DIRLIGHTMAP_OFF DYNAMICLIGHTMAP_OFF UNITY_HDR_ON pd=UNITY_NO_SCREENSPACE_SHADOWS UNITY_NO_LINEAR_COLORSPACE ok=1
Cmd: compileSnippet
  api=0 type=1 insize=6135 outsize=6 kw=LIGHTMAP_OFF DIRLIGHTMAP_COMBINED DYNAMICLIGHTMAP_ON HDR_LIGHT_PREPASS_OFF pd= ok=1
Cmd: compileSnippet
  api=4 type=1 insize=6135 outsize=2533 kw=LIGHTMAP_OFF DIRLIGHTMAP_COMBINED DYNAMICLIGHTMAP_ON HDR_LIGHT_PREPASS_OFF pd= ok=1
Cmd: compileSnippet
  api=4 type=1 insize=6135 outsize=2484 kw=LIGHTMAP_OFF DIRLIGHTMAP_COMBINED DYNAMICLIGHTMAP_ON UNITY_HDR_ON pd= ok=1
Cmd: compileSnippet
  api=1 type=0 insize=4027 outsize=908 kw=POINT pd= ok=1
Cmd: compileSnippet
  api=4 type=0 insize=4027 outsize=4077 kw=SPOT pd= ok=1
Cmd: compileSnippet
  api=1 type=1 insize=4027 outsize=155 kw= pd= ok=1
Cmd: compileSnippet
  api=0 type=1 insize=4027 outsize=6 kw=SPOT pd= ok=1
Cmd: compileSnippet
  api=4 type=0 insize=1798 outsize=1542 kw= pd= ok=1
Cmd: compileSnippet
  api=4 type=0 insize=7271 outsize=6124 kw=DIRECTIONAL SHADOWS_OFF LIGHTMAP_OFF DIRLIGHTMAP_OFF DYNAMICLIGHTMAP_OFF pd= ok=1
Cmd: compileSnippet
  api=1 type=0 insize=7271 outsize=1882 kw=DIRECTIONAL SHADOWS_SCREEN LIGHTMAP_OFF DIRLIGHTMAP_OFF DYNAMICLIGHTMAP_OFF pd= ok=1
Cmd: compileSnippet
  api=0 type=0 insize=7271 outsize=4543 kw=DIRECTIONAL SHADOWS_SCREEN LIGHTMAP_OFF DIRLIGHTMAP_COMBINED DYNAMICLIGHTMAP_ON pd= ok=1
Cmd: compileSnippet
  api=8 type=0 insize=7271 outsize=11635 kw=DIRECTIONAL SHADOWS_OFF LIGHTMAP_OFF DIRLIGHTMAP_OFF DYNAMICLIGHTMAP_OFF VERTEXLIGHT_ON pd=UNITY_NO_SCREENSPACE_SHADOWS UNITY_NO_LINEAR_COLORSPACE ok=1
Cmd: compileSnippet
  api=1 type=0 insize=7271 outsize=1819 kw=DIRECTIONAL SHADOWS_SCREEN LIGHTMAP_OFF DIRLIGHTMAP_COMBINED DYNAMICLIGHTMAP_ON VERTEXLIGHT_ON pd= ok=1
Cmd: compileSnippet
  api=8 type=0 insize=7271 outsize=12691 kw=DIRECTIONAL SHADOWS_SCREEN SHADOWS_NATIVE LIGHTMAP_OFF DIRLIGHTMAP_OFF DYNAMICLIGHTMAP_OFF VERTEXLIGHT_ON pd=UNITY_NO_SCREENSPACE_SHADOWS UNITY_NO_LINEAR_COLORSPACE ok=1
Cmd: compileSnippet
  api=0 type=1 insize=7271 outsize=6 kw=DIRECTIONAL SHADOWS_OFF LIGHTMAP_OFF DIRLIGHTMAP_COMBINED DYNAMICLIGHTMAP_ON pd= ok=1
Cmd: compileSnippet
  api=0 type=1 insize=7271 outsize=6 kw=DIRECTIONAL SHADOWS_SCREEN LIGHTMAP_OFF DIRLIGHTMAP_OFF DYNAMICLIGHTMAP_OFF pd= ok=1
Cmd: compileSnippet
  api=1 type=1 insize=7271 outsize=375 kw=DIRECTIONAL SHADOWS_SCREEN LIGHTMAP_OFF DIRLIGHTMAP_OFF DYNAMICLIGHTMAP_OFF pd= ok=1
Cmd: compileSnippet
  api=4 type=1 insize=7271 outsize=2688 kw=DIRECTIONAL SHADOWS_SCREEN LIGHTMAP_OFF DIRLIGHTMAP_COMBINED DYNAMICLIGHTMAP_ON pd= ok=1
Cmd: compileSnippet
  api=8 type=0 insize=4017 outsize=7995 kw=POINT pd=UNITY_NO_SCREENSPACE_SHADOWS UNITY_NO_LINEAR_COLORSPACE ok=1
Cmd: compileSnippet
  api=1 type=0 insize=4017 outsize=1552 kw=SPOT pd= ok=1
Cmd: compileSnippet
  api=0 type=0 insize=4017 outsize=3743 kw=POINT_COOKIE pd= ok=1
Cmd: compileSnippet
  api=1 type=1 insize=4017 outsize=475 kw=POINT pd= ok=1
Cmd: compileSnippet
  api=0 type=1 insize=4017 outsize=6 kw=SPOT pd= ok=1
Cmd: compileSnippet
  api=8 type=1 insize=4017 outsize=3924 kw=SPOT pd=UNITY_NO_SCREENSPACE_SHADOWS UNITY_NO_LINEAR_COLORSPACE ok=1
Cmd: compileSnippet
  api=1 type=0 insize=3392 outsize=1552 kw= pd= ok=1
Cmd: compileSnippet
  api=8 type=1 insize=3392 outsize=1682 kw= pd=UNITY_NO_SCREENSPACE_SHADOWS UNITY_NO_LINEAR_COLORSPACE ok=1
Cmd: compileSnippet
  api=0 type=0 insize=6285 outsize=4995 kw=LIGHTMAP_OFF DIRLIGHTMAP_COMBINED DYNAMICLIGHTMAP_ON HDR_LIGHT_PREPASS_OFF pd= ok=1
Cmd: compileSnippet
  api=4 type=0 insize=6285 outsize=6742 kw=LIGHTMAP_OFF DIRLIGHTMAP_COMBINED DYNAMICLIGHTMAP_ON UNITY_HDR_ON pd= ok=1
Cmd: compileSnippet
  api=4 type=1 insize=6285 outsize=1607 kw=LIGHTMAP_OFF DIRLIGHTMAP_OFF DYNAMICLIGHTMAP_OFF HDR_LIGHT_PREPASS_OFF pd= ok=1
Cmd: compileSnippet
  api=0 type=1 insize=6285 outsize=6 kw=LIGHTMAP_OFF DIRLIGHTMAP_COMBINED DYNAMICLIGHTMAP_ON UNITY_HDR_ON pd= ok=1
Cmd: compileSnippet
  api=8 type=0 insize=3198 outsize=10246 kw=SHADOWS_DEPTH pd=UNITY_NO_SCREENSPACE_SHADOWS UNITY_NO_LINEAR_COLORSPACE ok=1
Cmd: compileSnippet
  api=0 type=1 insize=3198 outsize=6 kw=SHADOWS_CUBE pd= ok=1
Cmd: compileSnippet
  api=0 type=0 insize=4069 outsize=1670 kw= pd= ok=1
Cmd: compileSnippet
  api=0 type=0 insize=4069 outsize=2521 kw=SPOT pd= ok=1
Cmd: compileSnippet
  api=1 type=1 insize=4069 outsize=197 kw=POINT pd= ok=1
Cmd: compileSnippet
  api=1 type=1 insize=4069 outsize=197 kw=SPOT pd= ok=1
Cmd: compileSnippet
  api=1 type=0 insize=1836 outsize=259 kw= pd= ok=1
Cmd: compileSnippet
  api=4 type=1 insize=1836 outsize=1306 kw= pd= ok=1
Cmd: compileSnippet
  api=4 type=0 insize=7662 outsize=6498 kw=DIRECTIONAL SHADOWS_OFF LIGHTMAP_OFF DIRLIGHTMAP_OFF DYNAMICLIGHTMAP_OFF pd= ok=1
Cmd: compileSnippet
  api=1 type=0 insize=7662 outsize=2028 kw=DIRECTIONAL SHADOWS_SCREEN LIGHTMAP_OFF DIRLIGHTMAP_OFF DYNAMICLIGHTMAP_OFF pd= ok=1
Cmd: compileSnippet
  api=1 type=0 insize=7662 outsize=1965 kw=DIRECTIONAL SHADOWS_SCREEN LIGHTMAP_OFF DIRLIGHTMAP_COMBINED DYNAMICLIGHTMAP_ON pd= ok=1
Cmd: compileSnippet
  api=1 type=0 insize=7662 outsize=2409 kw=DIRECTIONAL SHADOWS_OFF LIGHTMAP_OFF DIRLIGHTMAP_OFF DYNAMICLIGHTMAP_OFF VERTEXLIGHT_ON pd= ok=1
Cmd: compileSnippet
  api=4 type=0 insize=7662 outsize=5873 kw=DIRECTIONAL SHADOWS_OFF LIGHTMAP_OFF DIRLIGHTMAP_COMBINED DYNAMICLIGHTMAP_ON VERTEXLIGHT_ON pd= ok=1
Cmd: compileSnippet
  api=0 type=0 insize=7662 outsize=5001 kw=DIRECTIONAL SHADOWS_SCREEN LIGHTMAP_OFF DIRLIGHTMAP_COMBINED DYNAMICLIGHTMAP_ON VERTEXLIGHT_ON pd= ok=1
Cmd: compileSnippet
  api=0 type=1 insize=7662 outsize=6 kw=DIRECTIONAL SHADOWS_OFF LIGHTMAP_OFF DIRLIGHTMAP_OFF DYNAMICLIGHTMAP_OFF pd= ok=1
Cmd: compileSnippet
  api=4 type=1 insize=7662 outsize=2371 kw=DIRECTIONAL SHADOWS_OFF LIGHTMAP_OFF DIRLIGHTMAP_COMBINED DYNAMICLIGHTMAP_ON pd= ok=1
Cmd: compileSnippet
  api=4 type=1 insize=7662 outsize=2688 kw=DIRECTIONAL SHADOWS_SCREEN LIGHTMAP_OFF DIRLIGHTMAP_COMBINED DYNAMICLIGHTMAP_ON pd= ok=1
Cmd: compileSnippet
  api=1 type=0 insize=4408 outsize=1698 kw=POINT pd= ok=1
Cmd: compileSnippet
  api=4 type=0 insize=4408 outsize=5588 kw=DIRECTIONAL pd= ok=1
Cmd: compileSnippet
  api=4 type=0 insize=4408 outsize=5588 kw=SPOT pd= ok=1
Cmd: compileSnippet
  api=0 type=0 insize=4408 outsize=4009 kw=DIRECTIONAL_COOKIE pd= ok=1
Cmd: compileSnippet
  api=8 type=1 insize=4408 outsize=3226 kw=POINT pd=UNITY_NO_SCREENSPACE_SHADOWS UNITY_NO_LINEAR_COLORSPACE ok=1
Cmd: compileSnippet
  api=1 type=1 insize=4408 outsize=525 kw=POINT_COOKIE pd= ok=1
Cmd: compileSnippet
  api=4 type=1 insize=4408 outsize=1916 kw=DIRECTIONAL_COOKIE pd= ok=1
Cmd: compileSnippet
  api=8 type=0 insize=3783 outsize=8556 kw= pd=UNITY_NO_SCREENSPACE_SHADOWS UNITY_NO_LINEAR_COLORSPACE ok=1
Cmd: compileSnippet
  api=1 type=0 insize=6676 outsize=2170 kw=LIGHTMAP_OFF DIRLIGHTMAP_COMBINED DYNAMICLIGHTMAP_ON HDR_LIGHT_PREPASS_OFF pd= ok=1
Cmd: compileSnippet
  api=0 type=0 insize=6676 outsize=5053 kw=LIGHTMAP_OFF DIRLIGHTMAP_OFF DYNAMICLIGHTMAP_OFF UNITY_HDR_ON pd= ok=1
Cmd: compileSnippet
  api=1 type=0 insize=6676 outsize=2170 kw=LIGHTMAP_OFF DIRLIGHTMAP_COMBINED DYNAMICLIGHTMAP_ON UNITY_HDR_ON pd= ok=1
Cmd: compileSnippet
  api=0 type=1 insize=6676 outsize=6 kw=LIGHTMAP_OFF DIRLIGHTMAP_COMBINED DYNAMICLIGHTMAP_ON HDR_LIGHT_PREPASS_OFF pd= ok=1
Cmd: compileSnippet
  api=0 type=1 insize=6676 outsize=6 kw=LIGHTMAP_OFF DIRLIGHTMAP_OFF DYNAMICLIGHTMAP_OFF UNITY_HDR_ON pd= ok=1
Cmd: compileSnippet
  api=4 type=1 insize=6676 outsize=2038 kw=LIGHTMAP_OFF DIRLIGHTMAP_COMBINED DYNAMICLIGHTMAP_ON UNITY_HDR_ON pd= ok=1
Cmd: compileSnippet
  api=0 type=0 insize=3589 outsize=3066 kw=SHADOWS_CUBE pd= ok=1
Cmd: compileSnippet
  api=0 type=1 insize=3589 outsize=6 kw=SHADOWS_CUBE pd= ok=1
Cmd: compileSnippet
  api=4 type=1 insize=3806 outsize=1558 kw= pd= ok=1
Cmd: compileSnippet
  api=1 type=0 insize=65047 outsize=668 kw=DIRECTIONAL SHADOWS_OFF LIGHTMAP_OFF DIRLIGHTMAP_COMBINED DYNAMICLIGHTMAP_ON pd= ok=1
Cmd: compileSnippet
  api=0 type=0 insize=65047 outsize=4195 kw=DIRECTIONAL SHADOWS_SCREEN LIGHTMAP_OFF DIRLIGHTMAP_OFF DYNAMICLIGHTMAP_OFF pd= ok=1
Cmd: compileSnippet
  api=0 type=0 insize=65047 outsize=3556 kw=DIRECTIONAL SHADOWS_OFF LIGHTMAP_OFF DIRLIGHTMAP_COMBINED DYNAMICLIGHTMAP_ON VERTEXLIGHT_ON pd= ok=1
Cmd: compileSnippet
  api=0 type=0 insize=65047 outsize=4018 kw=DIRECTIONAL SHADOWS_SCREEN LIGHTMAP_OFF DIRLIGHTMAP_COMBINED DYNAMICLIGHTMAP_ON VERTEXLIGHT_ON pd= ok=1
Cmd: compileSnippet
  api=4 type=0 insize=65047 outsize=4800 kw=DIRECTIONAL SHADOWS_OFF LIGHTMAP_OFF DIRLIGHTMAP_COMBINED DYNAMICLIGHTMAP_ON _TERRAIN_NORMAL_MAP pd= ok=1
Cmd: compileSnippet
  api=0 type=0 insize=65047 outsize=5902 kw=DIRECTIONAL SHADOWS_SCREEN LIGHTMAP_OFF DIRLIGHTMAP_COMBINED DYNAMICLIGHTMAP_ON _TERRAIN_NORMAL_MAP pd= ok=1
Cmd: compileSnippet
  api=1 type=0 insize=65047 outsize=1876 kw=DIRECTIONAL SHADOWS_SCREEN LIGHTMAP_OFF DIRLIGHTMAP_OFF DYNAMICLIGHTMAP_OFF VERTEXLIGHT_ON _TERRAIN_NORMAL_MAP pd= ok=1
Cmd: compileSnippet
  api=4 type=1 insize=65047 outsize=3362 kw=DIRECTIONAL SHADOWS_OFF LIGHTMAP_OFF DIRLIGHTMAP_COMBINED DYNAMICLIGHTMAP_ON pd= ok=1
Cmd: compileSnippet
  api=0 type=1 insize=65047 outsize=6 kw=DIRECTIONAL SHADOWS_OFF LIGHTMAP_OFF DIRLIGHTMAP_OFF DYNAMICLIGHTMAP_OFF _TERRAIN_NORMAL_MAP pd= ok=1
Cmd: compileSnippet
  api=0 type=1 insize=65047 outsize=6 kw=DIRECTIONAL SHADOWS_OFF LIGHTMAP_OFF DIRLIGHTMAP_COMBINED DYNAMICLIGHTMAP_ON _TERRAIN_NORMAL_MAP pd= ok=1
Cmd: compileSnippet
  api=4 type=1 insize=65047 outsize=4768 kw=DIRECTIONAL SHADOWS_OFF LIGHTMAP_OFF DIRLIGHTMAP_COMBINED DYNAMICLIGHTMAP_ON _TERRAIN_NORMAL_MAP pd= ok=1
Cmd: compileSnippet
  api=1 type=0 insize=41221 outsize=563 kw=DIRECTIONAL pd= ok=1
Cmd: compileSnippet
  api=0 type=0 insize=41221 outsize=3322 kw=SPOT pd= ok=1
Cmd: compileSnippet
  api=1 type=0 insize=41221 outsize=1020 kw=POINT _TERRAIN_NORMAL_MAP pd= ok=1
Cmd: compileSnippet
  api=4 type=0 insize=41221 outsize=4467 kw=DIRECTIONAL _TERRAIN_NORMAL_MAP pd= ok=1
Cmd: compileSnippet
  api=1 type=0 insize=41221 outsize=1020 kw=POINT_COOKIE _TERRAIN_NORMAL_MAP pd= ok=1
Cmd: compileSnippet
  api=4 type=0 insize=41221 outsize=4467 kw=DIRECTIONAL_COOKIE _TERRAIN_NORMAL_MAP pd= ok=1
Cmd: compileSnippet
  api=4 type=1 insize=41221 outsize=2403 kw=DIRECTIONAL pd= ok=1
Cmd: compileSnippet
  api=0 type=1 insize=41221 outsize=6 kw=POINT_COOKIE pd= ok=1
Cmd: compileSnippet
  api=1 type=1 insize=41221 outsize=788 kw=DIRECTIONAL_COOKIE pd= ok=1
Cmd: compileSnippet
  api=0 type=1 insize=41221 outsize=6 kw=DIRECTIONAL _TERRAIN_NORMAL_MAP pd= ok=1
Cmd: compileSnippet
  api=1 type=1 insize=41221 outsize=1503 kw=SPOT _TERRAIN_NORMAL_MAP pd= ok=1
Cmd: compileSnippet
  api=4 type=1 insize=41221 outsize=4361 kw=DIRECTIONAL_COOKIE _TERRAIN_NORMAL_MAP pd= ok=1
Cmd: compileSnippet
  api=1 type=0 insize=35146 outsize=403 kw= pd= ok=1
Cmd: compileSnippet
  api=0 type=1 insize=35146 outsize=6 kw=_TERRAIN_NORMAL_MAP pd= ok=1
Cmd: compileSnippet
  api=4 type=0 insize=57091 outsize=4727 kw=LIGHTMAP_OFF DIRLIGHTMAP_COMBINED DYNAMICLIGHTMAP_ON HDR_LIGHT_PREPASS_OFF pd= ok=1
Cmd: compileSnippet
  api=4 type=0 insize=57091 outsize=4581 kw=LIGHTMAP_OFF DIRLIGHTMAP_OFF DYNAMICLIGHTMAP_OFF UNITY_HDR_ON pd= ok=1
Cmd: compileSnippet
  api=4 type=0 insize=57091 outsize=4727 kw=LIGHTMAP_OFF DIRLIGHTMAP_COMBINED DYNAMICLIGHTMAP_ON UNITY_HDR_ON pd= ok=1
Cmd: compileSnippet
  api=1 type=0 insize=57091 outsize=1022 kw=LIGHTMAP_OFF DIRLIGHTMAP_COMBINED DYNAMICLIGHTMAP_ON _TERRAIN_NORMAL_MAP HDR_LIGHT_PREPASS_OFF pd= ok=1
Cmd: compileSnippet
  api=4 type=0 insize=57091 outsize=4581 kw=LIGHTMAP_OFF DIRLIGHTMAP_OFF DYNAMICLIGHTMAP_OFF UNITY_HDR_ON _TERRAIN_NORMAL_MAP pd= ok=1
Cmd: compileSnippet
  api=4 type=0 insize=57091 outsize=4727 kw=LIGHTMAP_OFF DIRLIGHTMAP_COMBINED DYNAMICLIGHTMAP_ON UNITY_HDR_ON _TERRAIN_NORMAL_MAP pd= ok=1
Cmd: compileSnippet
  api=4 type=1 insize=57091 outsize=3078 kw=LIGHTMAP_OFF DIRLIGHTMAP_COMBINED DYNAMICLIGHTMAP_ON HDR_LIGHT_PREPASS_OFF pd= ok=1
Cmd: compileSnippet
  api=0 type=1 insize=57091 outsize=6 kw=LIGHTMAP_OFF DIRLIGHTMAP_OFF DYNAMICLIGHTMAP_OFF _TERRAIN_NORMAL_MAP HDR_LIGHT_PREPASS_OFF pd= ok=1
Cmd: compileSnippet
  api=0 type=1 insize=57091 outsize=6 kw=LIGHTMAP_OFF DIRLIGHTMAP_COMBINED DYNAMICLIGHTMAP_ON _TERRAIN_NORMAL_MAP HDR_LIGHT_PREPASS_OFF pd= ok=1
Cmd: compileSnippet
  api=1 type=1 insize=57091 outsize=966 kw=LIGHTMAP_OFF DIRLIGHTMAP_COMBINED DYNAMICLIGHTMAP_ON _TERRAIN_NORMAL_MAP HDR_LIGHT_PREPASS_OFF pd= ok=1
Cmd: compileSnippet
  api=1 type=1 insize=57091 outsize=911 kw=LIGHTMAP_OFF DIRLIGHTMAP_COMBINED DYNAMICLIGHTMAP_ON UNITY_HDR_ON _TERRAIN_NORMAL_MAP pd= ok=1
Cmd: compileSnippet
  api=4 type=0 insize=61585 outsize=3760 kw=LIGHTMAP_OFF DIRLIGHTMAP_COMBINED DYNAMICLIGHTMAP_ON HDR_LIGHT_PREPASS_OFF pd= ok=1
Cmd: compileSnippet
  api=1 type=0 insize=61585 outsize=725 kw=LIGHTMAP_OFF DIRLIGHTMAP_COMBINED DYNAMICLIGHTMAP_ON UNITY_HDR_ON pd= ok=1
Cmd: compileSnippet
  api=1 type=0 insize=61585 outsize=1129 kw=LIGHTMAP_OFF DIRLIGHTMAP_COMBINED DYNAMICLIGHTMAP_ON _TERRAIN_NORMAL_MAP HDR_LIGHT_PREPASS_OFF pd= ok=1
Cmd: compileSnippet
  api=0 type=0 insize=61585 outsize=5926 kw=LIGHTMAP_OFF DIRLIGHTMAP_OFF DYNAMICLIGHTMAP_OFF UNITY_HDR_ON _TERRAIN_NORMAL_MAP pd= ok=1
Cmd: compileSnippet
  api=1 type=1 insize=61585 outsize=1223 kw=LIGHTMAP_OFF DIRLIGHTMAP_COMBINED DYNAMICLIGHTMAP_ON HDR_LIGHT_PREPASS_OFF pd= ok=1
Cmd: compileSnippet
  api=1 type=1 insize=61585 outsize=1166 kw=LIGHTMAP_OFF DIRLIGHTMAP_COMBINED DYNAMICLIGHTMAP_ON UNITY_HDR_ON pd= ok=1
Cmd: compileSnippet
  api=0 type=1 insize=61585 outsize=6 kw=LIGHTMAP_OFF DIRLIGHTMAP_OFF DYNAMICLIGHTMAP_OFF UNITY_HDR_ON _TERRAIN_NORMAL_MAP pd= ok=1
Cmd: compileSnippet
  api=4 type=1 insize=61585 outsize=4605 kw=LIGHTMAP_OFF DIRLIGHTMAP_OFF DYNAMICLIGHTMAP_OFF UNITY_HDR_ON _TERRAIN_NORMAL_MAP pd= ok=1
Cmd: compileSnippet
  api=4 type=0 insize=37210 outsize=5198 kw=_TERRAIN_NORMAL_MAP pd= ok=1
Cmd: compileSnippet
  api=0 type=1 insize=37210 outsize=6 kw=_TERRAIN_NORMAL_MAP pd= ok=1
Cmd: compileSnippet
  api=0 type=0 insize=31775 outsize=3633 kw=DIRECTIONAL SHADOWS_OFF LIGHTMAP_OFF DIRLIGHTMAP_OFF DYNAMICLIGHTMAP_OFF pd= ok=1
Cmd: compileSnippet
  api=4 type=0 insize=31775 outsize=3931 kw=DIRECTIONAL SHADOWS_SCREEN LIGHTMAP_OFF DIRLIGHTMAP_COMBINED DYNAMICLIGHTMAP_ON pd= ok=1
Cmd: compileSnippet
  api=4 type=0 insize=31775 outsize=5621 kw=DIRECTIONAL SHADOWS_OFF LIGHTMAP_OFF DIRLIGHTMAP_OFF DYNAMICLIGHTMAP_OFF VERTEXLIGHT_ON pd= ok=1
Cmd: compileSnippet
  api=0 type=0 insize=31775 outsize=5350 kw=DIRECTIONAL SHADOWS_SCREEN LIGHTMAP_OFF DIRLIGHTMAP_OFF DYNAMICLIGHTMAP_OFF VERTEXLIGHT_ON pd= ok=1
Cmd: compileSnippet
  api=4 type=1 insize=31775 outsize=2549 kw=DIRECTIONAL SHADOWS_OFF LIGHTMAP_OFF DIRLIGHTMAP_OFF DYNAMICLIGHTMAP_OFF pd= ok=1
Cmd: compileSnippet
  api=1 type=1 insize=31775 outsize=1175 kw=DIRECTIONAL SHADOWS_SCREEN LIGHTMAP_OFF DIRLIGHTMAP_COMBINED DYNAMICLIGHTMAP_ON pd= ok=1
Cmd: compileSnippet
  api=8 type=0 insize=18512 outsize=4558 kw=POINT pd=UNITY_NO_SCREENSPACE_SHADOWS UNITY_NO_LINEAR_COLORSPACE ok=1
Cmd: compileSnippet
  api=1 type=0 insize=18512 outsize=469 kw=SPOT pd= ok=1
Cmd: compileSnippet
  api=8 type=0 insize=18512 outsize=4558 kw=SPOT pd=UNITY_NO_SCREENSPACE_SHADOWS UNITY_NO_LINEAR_COLORSPACE ok=1
Cmd: compileSnippet
  api=1 type=0 insize=18512 outsize=469 kw=DIRECTIONAL_COOKIE pd= ok=1
Cmd: compileSnippet
  api=0 type=1 insize=18512 outsize=6 kw=POINT pd= ok=1
Cmd: compileSnippet
  api=4 type=1 insize=18512 outsize=2403 kw=DIRECTIONAL pd= ok=1
Cmd: compileSnippet
  api=8 type=1 insize=18512 outsize=5590 kw=SPOT pd=UNITY_NO_SCREENSPACE_SHADOWS UNITY_NO_LINEAR_COLORSPACE ok=1
Cmd: compileSnippet
  api=1 type=0 insize=14273 outsize=339 kw= pd= ok=1
Cmd: compileSnippet
  api=0 type=0 insize=27566 outsize=4025 kw=LIGHTMAP_OFF DIRLIGHTMAP_OFF DYNAMICLIGHTMAP_OFF HDR_LIGHT_PREPASS_OFF pd= ok=1
Cmd: compileSnippet
  api=0 type=0 insize=27566 outsize=4501 kw=LIGHTMAP_OFF DIRLIGHTMAP_COMBINED DYNAMICLIGHTMAP_ON UNITY_HDR_ON pd= ok=1
Cmd: compileSnippet
  api=1 type=1 insize=27566 outsize=966 kw=LIGHTMAP_OFF DIRLIGHTMAP_COMBINED DYNAMICLIGHTMAP_ON HDR_LIGHT_PREPASS_OFF pd= ok=1
Cmd: compileSnippet
  api=0 type=1 insize=27566 outsize=6 kw=LIGHTMAP_OFF DIRLIGHTMAP_COMBINED DYNAMICLIGHTMAP_ON UNITY_HDR_ON pd= ok=1
Cmd: compileSnippet
  api=1 type=0 insize=28456 outsize=725 kw=LIGHTMAP_OFF DIRLIGHTMAP_COMBINED DYNAMICLIGHTMAP_ON HDR_LIGHT_PREPASS_OFF pd= ok=1
Cmd: compileSnippet
  api=4 type=0 insize=28456 outsize=3760 kw=LIGHTMAP_OFF DIRLIGHTMAP_COMBINED DYNAMICLIGHTMAP_ON HDR_LIGHT_PREPASS_OFF pd= ok=1
Cmd: compileSnippet
  api=8 type=0 insize=28456 outsize=6061 kw=LIGHTMAP_OFF DIRLIGHTMAP_OFF DYNAMICLIGHTMAP_OFF UNITY_HDR_ON pd=UNITY_NO_SCREENSPACE_SHADOWS UNITY_NO_LINEAR_COLORSPACE ok=1
Cmd: compileSnippet
  api=4 type=0 insize=28456 outsize=3760 kw=LIGHTMAP_OFF DIRLIGHTMAP_COMBINED DYNAMICLIGHTMAP_ON UNITY_HDR_ON pd= ok=1
Cmd: compileSnippet
  api=1 type=1 insize=28456 outsize=1223 kw=LIGHTMAP_OFF DIRLIGHTMAP_COMBINED DYNAMICLIGHTMAP_ON HDR_LIGHT_PREPASS_OFF pd= ok=1
Cmd: compileSnippet
  api=8 type=1 insize=28456 outsize=4331 kw=LIGHTMAP_OFF DIRLIGHTMAP_OFF DYNAMICLIGHTMAP_OFF UNITY_HDR_ON pd=UNITY_NO_SCREENSPACE_SHADOWS UNITY_NO_LINEAR_COLORSPACE ok=1
Cmd: compileSnippet
  api=1 type=1 insize=16561 outsize=799 kw= pd= ok=1
Cmd: compileSnippet
  api=4 type=0 insize=64711 outsize=4012 kw=DIRECTIONAL SHADOWS_OFF LIGHTMAP_OFF DIRLIGHTMAP_OFF DYNAMICLIGHTMAP_OFF pd= ok=1
Cmd: compileSnippet
  api=0 type=0 insize=64711 outsize=3932 kw=DIRECTIONAL SHADOWS_SCREEN LIGHTMAP_OFF DIRLIGHTMAP_COMBINED DYNAMICLIGHTMAP_ON pd= ok=1
Cmd: compileSnippet
  api=4 type=0 insize=64711 outsize=5466 kw=DIRECTIONAL SHADOWS_OFF LIGHTMAP_OFF DIRLIGHTMAP_OFF DYNAMICLIGHTMAP_OFF VERTEXLIGHT_ON pd= ok=1
Cmd: compileSnippet
  api=0 type=0 insize=64711 outsize=5342 kw=DIRECTIONAL SHADOWS_SCREEN LIGHTMAP_OFF DIRLIGHTMAP_OFF DYNAMICLIGHTMAP_OFF VERTEXLIGHT_ON pd= ok=1
Cmd: compileSnippet
  api=1 type=0 insize=64711 outsize=1072 kw=DIRECTIONAL SHADOWS_OFF LIGHTMAP_OFF DIRLIGHTMAP_COMBINED DYNAMICLIGHTMAP_ON _TERRAIN_NORMAL_MAP pd= ok=1
Cmd: compileSnippet
  api=0 type=0 insize=64711 outsize=5957 kw=DIRECTIONAL SHADOWS_SCREEN LIGHTMAP_OFF DIRLIGHTMAP_OFF DYNAMICLIGHTMAP_OFF _TERRAIN_NORMAL_MAP pd= ok=1
Cmd: compileSnippet
  api=4 type=0 insize=64711 outsize=4800 kw=DIRECTIONAL SHADOWS_OFF LIGHTMAP_OFF DIRLIGHTMAP_COMBINED DYNAMICLIGHTMAP_ON VERTEXLIGHT_ON _TERRAIN_NORMAL_MAP pd= ok=1
Cmd: compileSnippet
  api=4 type=0 insize=64711 outsize=7034 kw=DIRECTIONAL SHADOWS_SCREEN LIGHTMAP_OFF DIRLIGHTMAP_OFF DYNAMICLIGHTMAP_OFF VERTEXLIGHT_ON _TERRAIN_NORMAL_MAP pd= ok=1
Cmd: compileSnippet
  api=1 type=1 insize=64711 outsize=1035 kw=DIRECTIONAL SHADOWS_OFF LIGHTMAP_OFF DIRLIGHTMAP_COMBINED DYNAMICLIGHTMAP_ON pd= ok=1
Cmd: compileSnippet
  api=0 type=1 insize=64711 outsize=6 kw=DIRECTIONAL SHADOWS_SCREEN LIGHTMAP_OFF DIRLIGHTMAP_COMBINED DYNAMICLIGHTMAP_ON pd= ok=1
Cmd: compileSnippet
  api=1 type=1 insize=64711 outsize=1252 kw=DIRECTIONAL SHADOWS_OFF LIGHTMAP_OFF DIRLIGHTMAP_OFF DYNAMICLIGHTMAP_OFF _TERRAIN_NORMAL_MAP pd= ok=1
Cmd: compileSnippet
  api=4 type=1 insize=64711 outsize=4508 kw=DIRECTIONAL SHADOWS_SCREEN LIGHTMAP_OFF DIRLIGHTMAP_OFF DYNAMICLIGHTMAP_OFF _TERRAIN_NORMAL_MAP pd= ok=1
Cmd: compileSnippet
  api=4 type=0 insize=40885 outsize=3256 kw=DIRECTIONAL pd= ok=1
Cmd: compileSnippet
  api=4 type=0 insize=40885 outsize=3256 kw=SPOT pd= ok=1
Cmd: compileSnippet
  api=1 type=0 insize=40885 outsize=563 kw=DIRECTIONAL_COOKIE pd= ok=1
Cmd: compileSnippet
  api=1 type=0 insize=40885 outsize=1020 kw=POINT _TERRAIN_NORMAL_MAP pd= ok=1
Cmd: compileSnippet
  api=4 type=0 insize=40885 outsize=4467 kw=DIRECTIONAL _TERRAIN_NORMAL_MAP pd= ok=1
Cmd: compileSnippet
  api=0 type=0 insize=40885 outsize=4963 kw=POINT_COOKIE _TERRAIN_NORMAL_MAP pd= ok=1
Cmd: compileSnippet
  api=0 type=1 insize=40885 outsize=6 kw=DIRECTIONAL pd= ok=1
Cmd: compileSnippet
  api=1 type=1 insize=40885 outsize=940 kw=SPOT pd= ok=1
Cmd: compileSnippet
  api=0 type=1 insize=40885 outsize=6 kw=DIRECTIONAL_COOKIE pd= ok=1
Cmd: compileSnippet
  api=0 type=1 insize=40885 outsize=6 kw=POINT _TERRAIN_NORMAL_MAP pd= ok=1
Cmd: compileSnippet
  api=1 type=1 insize=40885 outsize=1333 kw=POINT _TERRAIN_NORMAL_MAP pd= ok=1
Cmd: compileSnippet
  api=1 type=1 insize=40885 outsize=1437 kw=SPOT _TERRAIN_NORMAL_MAP pd= ok=1
Cmd: compileSnippet
  api=4 type=1 insize=40885 outsize=4256 kw=DIRECTIONAL_COOKIE _TERRAIN_NORMAL_MAP pd= ok=1
Cmd: compileSnippet
  api=0 type=0 insize=34810 outsize=3926 kw=_TERRAIN_NORMAL_MAP pd= ok=1
Cmd: compileSnippet
  api=0 type=1 insize=34810 outsize=6 kw=_TERRAIN_NORMAL_MAP pd= ok=1
Cmd: compileSnippet
  api=0 type=0 insize=56755 outsize=3944 kw=LIGHTMAP_OFF DIRLIGHTMAP_OFF DYNAMICLIGHTMAP_OFF HDR_LIGHT_PREPASS_OFF pd= ok=1
Cmd: compileSnippet
  api=4 type=0 insize=56755 outsize=4727 kw=LIGHTMAP_OFF DIRLIGHTMAP_COMBINED DYNAMICLIGHTMAP_ON UNITY_HDR_ON pd= ok=1
Cmd: compileSnippet
  api=4 type=0 insize=56755 outsize=4581 kw=LIGHTMAP_OFF DIRLIGHTMAP_OFF DYNAMICLIGHTMAP_OFF _TERRAIN_NORMAL_MAP HDR_LIGHT_PREPASS_OFF pd= ok=1
Cmd: compileSnippet
  api=0 type=0 insize=56755 outsize=3980 kw=LIGHTMAP_OFF DIRLIGHTMAP_OFF DYNAMICLIGHTMAP_OFF UNITY_HDR_ON _TERRAIN_NORMAL_MAP pd= ok=1
Cmd: compileSnippet
  api=1 type=1 insize=56755 outsize=635 kw=LIGHTMAP_OFF DIRLIGHTMAP_OFF DYNAMICLIGHTMAP_OFF HDR_LIGHT_PREPASS_OFF pd= ok=1
Cmd: compileSnippet
  api=0 type=1 insize=56755 outsize=6 kw=LIGHTMAP_OFF DIRLIGHTMAP_COMBINED DYNAMICLIGHTMAP_ON UNITY_HDR_ON pd= ok=1
Cmd: compileSnippet
  api=0 type=1 insize=56755 outsize=6 kw=LIGHTMAP_OFF DIRLIGHTMAP_COMBINED DYNAMICLIGHTMAP_ON _TERRAIN_NORMAL_MAP HDR_LIGHT_PREPASS_OFF pd= ok=1
Cmd: compileSnippet
  api=1 type=1 insize=56755 outsize=892 kw=LIGHTMAP_OFF DIRLIGHTMAP_COMBINED DYNAMICLIGHTMAP_ON _TERRAIN_NORMAL_MAP HDR_LIGHT_PREPASS_OFF pd= ok=1
Cmd: compileSnippet
  api=1 type=0 insize=61249 outsize=725 kw=LIGHTMAP_OFF DIRLIGHTMAP_COMBINED DYNAMICLIGHTMAP_ON HDR_LIGHT_PREPASS_OFF pd= ok=1
Cmd: compileSnippet
  api=0 type=0 insize=61249 outsize=4000 kw=LIGHTMAP_OFF DIRLIGHTMAP_OFF DYNAMICLIGHTMAP_OFF UNITY_HDR_ON pd= ok=1
Cmd: compileSnippet
  api=0 type=0 insize=61249 outsize=6183 kw=LIGHTMAP_OFF DIRLIGHTMAP_COMBINED DYNAMICLIGHTMAP_ON _TERRAIN_NORMAL_MAP HDR_LIGHT_PREPASS_OFF pd= ok=1
Cmd: compileSnippet
  api=0 type=0 insize=61249 outsize=5992 kw=LIGHTMAP_OFF DIRLIGHTMAP_COMBINED DYNAMICLIGHTMAP_ON UNITY_HDR_ON _TERRAIN_NORMAL_MAP pd= ok=1
Cmd: compileSnippet
  api=1 type=1 insize=61249 outsize=1128 kw=LIGHTMAP_OFF DIRLIGHTMAP_COMBINED DYNAMICLIGHTMAP_ON HDR_LIGHT_PREPASS_OFF pd= ok=1
Cmd: compileSnippet
  api=0 type=1 insize=61249 outsize=6 kw=LIGHTMAP_OFF DIRLIGHTMAP_COMBINED DYNAMICLIGHTMAP_ON UNITY_HDR_ON pd= ok=1
Cmd: compileSnippet
  api=1 type=1 insize=61249 outsize=1312 kw=LIGHTMAP_OFF DIRLIGHTMAP_OFF DYNAMICLIGHTMAP_OFF _TERRAIN_NORMAL_MAP HDR_LIGHT_PREPASS_OFF pd= ok=1
Cmd: compileSnippet
  api=0 type=1 insize=61249 outsize=6 kw=LIGHTMAP_OFF DIRLIGHTMAP_COMBINED DYNAMICLIGHTMAP_ON UNITY_HDR_ON _TERRAIN_NORMAL_MAP pd= ok=1
Cmd: compileSnippet
  api=4 type=1 insize=61249 outsize=5019 kw=LIGHTMAP_OFF DIRLIGHTMAP_COMBINED DYNAMICLIGHTMAP_ON UNITY_HDR_ON _TERRAIN_NORMAL_MAP pd= ok=1
Cmd: compileSnippet
  api=0 type=0 insize=36874 outsize=5266 kw=_TERRAIN_NORMAL_MAP pd= ok=1
Cmd: compileSnippet
  api=1 type=1 insize=36874 outsize=688 kw= pd= ok=1
Cmd: compileSnippet
  api=4 type=0 insize=31607 outsize=4166 kw=DIRECTIONAL SHADOWS_OFF LIGHTMAP_OFF DIRLIGHTMAP_OFF DYNAMICLIGHTMAP_OFF pd= ok=1
Cmd: compileSnippet
  api=1 type=0 insize=31607 outsize=838 kw=DIRECTIONAL SHADOWS_SCREEN LIGHTMAP_OFF DIRLIGHTMAP_OFF DYNAMICLIGHTMAP_OFF pd= ok=1
Cmd: compileSnippet
  api=0 type=0 insize=31607 outsize=3932 kw=DIRECTIONAL SHADOWS_SCREEN LIGHTMAP_OFF DIRLIGHTMAP_COMBINED DYNAMICLIGHTMAP_ON pd= ok=1
Cmd: compileSnippet
  api=1 type=0 insize=31607 outsize=668 kw=DIRECTIONAL SHADOWS_OFF LIGHTMAP_OFF DIRLIGHTMAP_COMBINED DYNAMICLIGHTMAP_ON VERTEXLIGHT_ON pd= ok=1
Cmd: compileSnippet
  api=0 type=0 insize=31607 outsize=5269 kw=DIRECTIONAL SHADOWS_SCREEN LIGHTMAP_OFF DIRLIGHTMAP_OFF DYNAMICLIGHTMAP_OFF VERTEXLIGHT_ON pd= ok=1
Cmd: compileSnippet
  api=8 type=1 insize=31607 outsize=3738 kw=DIRECTIONAL SHADOWS_OFF LIGHTMAP_OFF DIRLIGHTMAP_OFF DYNAMICLIGHTMAP_OFF pd=UNITY_NO_SCREENSPACE_SHADOWS UNITY_NO_LINEAR_COLORSPACE ok=1
Cmd: compileSnippet
  api=0 type=0 insize=18344 outsize=3097 kw=POINT pd= ok=1
Cmd: compileSnippet
  api=0 type=0 insize=18344 outsize=3180 kw=POINT_COOKIE pd= ok=1
Cmd: compileSnippet
  api=1 type=1 insize=18344 outsize=605 kw=DIRECTIONAL pd= ok=1
Cmd: compileSnippet
  api=4 type=1 insize=18344 outsize=3573 kw=SPOT pd= ok=1
Cmd: compileSnippet
  api=0 type=1 insize=18344 outsize=6 kw=DIRECTIONAL_COOKIE pd= ok=1
Cmd: compileSnippet
  api=4 type=1 insize=18344 outsize=2801 kw=DIRECTIONAL_COOKIE pd= ok=1
Cmd: compileSnippet
  api=1 type=0 insize=14105 outsize=339 kw= pd= ok=1
Cmd: compileSnippet
  api=0 type=0 insize=27398 outsize=4380 kw=LIGHTMAP_OFF DIRLIGHTMAP_COMBINED DYNAMICLIGHTMAP_ON HDR_LIGHT_PREPASS_OFF pd= ok=1
Cmd: compileSnippet
  api=4 type=0 insize=27398 outsize=4727 kw=LIGHTMAP_OFF DIRLIGHTMAP_COMBINED DYNAMICLIGHTMAP_ON UNITY_HDR_ON pd= ok=1
Cmd: compileSnippet
  api=1 type=1 insize=27398 outsize=892 kw=LIGHTMAP_OFF DIRLIGHTMAP_COMBINED DYNAMICLIGHTMAP_ON HDR_LIGHT_PREPASS_OFF pd= ok=1
Cmd: compileSnippet
  api=8 type=1 insize=27398 outsize=3673 kw=LIGHTMAP_OFF DIRLIGHTMAP_OFF DYNAMICLIGHTMAP_OFF UNITY_HDR_ON pd=UNITY_NO_SCREENSPACE_SHADOWS UNITY_NO_LINEAR_COLORSPACE ok=1
Cmd: compileSnippet
  api=1 type=0 insize=28288 outsize=725 kw=LIGHTMAP_OFF DIRLIGHTMAP_COMBINED DYNAMICLIGHTMAP_ON HDR_LIGHT_PREPASS_OFF pd= ok=1
Cmd: compileSnippet
  api=0 type=0 insize=28288 outsize=3988 kw=LIGHTMAP_OFF DIRLIGHTMAP_OFF DYNAMICLIGHTMAP_OFF UNITY_HDR_ON pd= ok=1
Cmd: compileSnippet
  api=1 type=1 insize=28288 outsize=781 kw=LIGHTMAP_OFF DIRLIGHTMAP_OFF DYNAMICLIGHTMAP_OFF HDR_LIGHT_PREPASS_OFF pd= ok=1
Cmd: compileSnippet
  api=4 type=1 insize=28288 outsize=2769 kw=LIGHTMAP_OFF DIRLIGHTMAP_OFF DYNAMICLIGHTMAP_OFF UNITY_HDR_ON pd= ok=1
Cmd: compileSnippet
  api=1 type=0 insize=16393 outsize=605 kw= pd= ok=1
Cmd: compileSnippet
  api=4 type=1 insize=16393 outsize=2387 kw= pd= ok=1
Cmd: compileSnippet
  api=8 type=0 insize=1041 outsize=3299 kw= pd=UNITY_NO_SCREENSPACE_SHADOWS UNITY_NO_LINEAR_COLORSPACE ok=1
Cmd: compileSnippet
  api=4 type=0 insize=607 outsize=3646 kw= pd= ok=1
Cmd: compileSnippet
  api=4 type=0 insize=613 outsize=4044 kw= pd= ok=1
Cmd: compileSnippet
  api=4 type=0 insize=66838 outsize=3541 kw=DIRECTIONAL SHADOWS_OFF LIGHTMAP_OFF DIRLIGHTMAP_COMBINED DYNAMICLIGHTMAP_ON pd= ok=1
Cmd: compileSnippet
  api=0 type=0 insize=66838 outsize=4326 kw=DIRECTIONAL SHADOWS_SCREEN LIGHTMAP_OFF DIRLIGHTMAP_COMBINED DYNAMICLIGHTMAP_ON pd= ok=1
Cmd: compileSnippet
  api=0 type=0 insize=66838 outsize=5736 kw=DIRECTIONAL SHADOWS_SCREEN LIGHTMAP_OFF DIRLIGHTMAP_OFF DYNAMICLIGHTMAP_OFF VERTEXLIGHT_ON pd= ok=1
Cmd: compileSnippet
  api=4 type=0 insize=66838 outsize=4800 kw=DIRECTIONAL SHADOWS_OFF LIGHTMAP_OFF DIRLIGHTMAP_COMBINED DYNAMICLIGHTMAP_ON _TERRAIN_NORMAL_MAP pd= ok=1
Cmd: compileSnippet
  api=4 type=0 insize=66838 outsize=5621 kw=DIRECTIONAL SHADOWS_SCREEN LIGHTMAP_OFF DIRLIGHTMAP_OFF DYNAMICLIGHTMAP_OFF _TERRAIN_NORMAL_MAP pd= ok=1
Cmd: compileSnippet
  api=1 type=0 insize=66838 outsize=1221 kw=DIRECTIONAL SHADOWS_SCREEN LIGHTMAP_OFF DIRLIGHTMAP_COMBINED DYNAMICLIGHTMAP_ON _TERRAIN_NORMAL_MAP pd= ok=1
Cmd: compileSnippet
  api=0 type=0 insize=66838 outsize=7099 kw=DIRECTIONAL SHADOWS_OFF LIGHTMAP_OFF DIRLIGHTMAP_OFF DYNAMICLIGHTMAP_OFF VERTEXLIGHT_ON _TERRAIN_NORMAL_MAP pd= ok=1
Cmd: compileSnippet
  api=0 type=0 insize=66838 outsize=6289 kw=DIRECTIONAL SHADOWS_SCREEN LIGHTMAP_OFF DIRLIGHTMAP_COMBINED DYNAMICLIGHTMAP_ON VERTEXLIGHT_ON _TERRAIN_NORMAL_MAP pd= ok=1
Cmd: compileSnippet
  api=1 type=1 insize=66838 outsize=1063 kw=DIRECTIONAL SHADOWS_OFF LIGHTMAP_OFF DIRLIGHTMAP_OFF DYNAMICLIGHTMAP_OFF pd= ok=1
Cmd: compileSnippet
  api=1 type=1 insize=66838 outsize=1567 kw=DIRECTIONAL SHADOWS_OFF LIGHTMAP_OFF DIRLIGHTMAP_OFF DYNAMICLIGHTMAP_OFF _TERRAIN_NORMAL_MAP pd= ok=1
Cmd: compileSnippet
  api=4 type=1 insize=66838 outsize=5580 kw=DIRECTIONAL SHADOWS_SCREEN LIGHTMAP_OFF DIRLIGHTMAP_OFF DYNAMICLIGHTMAP_OFF _TERRAIN_NORMAL_MAP pd= ok=1
Cmd: compileSnippet
  api=1 type=0 insize=42676 outsize=563 kw=POINT pd= ok=1
Cmd: compileSnippet
  api=4 type=0 insize=42676 outsize=3256 kw=SPOT pd= ok=1
Cmd: compileSnippet
  api=4 type=0 insize=42676 outsize=3256 kw=POINT_COOKIE pd= ok=1
Cmd: compileSnippet
  api=4 type=0 insize=42676 outsize=3256 kw=DIRECTIONAL_COOKIE pd= ok=1
Cmd: compileSnippet
  api=0 type=0 insize=42676 outsize=4892 kw=DIRECTIONAL _TERRAIN_NORMAL_MAP pd= ok=1
Cmd: compileSnippet
  api=1 type=1 insize=42676 outsize=1208 kw=SPOT pd= ok=1
Cmd: compileSnippet
  api=0 type=1 insize=42676 outsize=6 kw=POINT _TERRAIN_NORMAL_MAP pd= ok=1
Cmd: compileSnippet
  api=0 type=1 insize=42676 outsize=6 kw=DIRECTIONAL _TERRAIN_NORMAL_MAP pd= ok=1
Cmd: compileSnippet
  api=0 type=1 insize=42676 outsize=6 kw=SPOT _TERRAIN_NORMAL_MAP pd= ok=1
Cmd: compileSnippet
  api=4 type=1 insize=42676 outsize=5970 kw=SPOT _TERRAIN_NORMAL_MAP pd= ok=1
Cmd: compileSnippet
  api=0 type=0 insize=35913 outsize=1347 kw= pd= ok=1
Cmd: compileSnippet
  api=4 type=1 insize=35913 outsize=1111 kw= pd= ok=1
Cmd: compileSnippet
  api=0 type=0 insize=57882 outsize=4039 kw=LIGHTMAP_OFF DIRLIGHTMAP_OFF DYNAMICLIGHTMAP_OFF HDR_LIGHT_PREPASS_OFF pd= ok=1
Cmd: compileSnippet
  api=0 type=0 insize=57882 outsize=4512 kw=LIGHTMAP_OFF DIRLIGHTMAP_COMBINED DYNAMICLIGHTMAP_ON UNITY_HDR_ON pd= ok=1
Cmd: compileSnippet
  api=0 type=0 insize=57882 outsize=4512 kw=LIGHTMAP_OFF DIRLIGHTMAP_COMBINED DYNAMICLIGHTMAP_ON UNITY_HDR_ON _TERRAIN_NORMAL_MAP pd= ok=1
Cmd: compileSnippet
  api=0 type=1 insize=57882 outsize=6 kw=LIGHTMAP_OFF DIRLIGHTMAP_COMBINED DYNAMICLIGHTMAP_ON HDR_LIGHT_PREPASS_OFF pd= ok=1
Cmd: compileSnippet
  api=1 type=1 insize=57882 outsize=638 kw=LIGHTMAP_OFF DIRLIGHTMAP_OFF DYNAMICLIGHTMAP_OFF UNITY_HDR_ON pd= ok=1
Cmd: compileSnippet
  api=1 type=1 insize=57882 outsize=712 kw=LIGHTMAP_OFF DIRLIGHTMAP_OFF DYNAMICLIGHTMAP_OFF _TERRAIN_NORMAL_MAP HDR_LIGHT_PREPASS_OFF pd= ok=1
Cmd: compileSnippet
  api=0 type=1 insize=57882 outsize=6 kw=LIGHTMAP_OFF DIRLIGHTMAP_OFF DYNAMICLIGHTMAP_OFF UNITY_HDR_ON _TERRAIN_NORMAL_MAP pd= ok=1
Cmd: compileSnippet
  api=0 type=1 insize=57882 outsize=6 kw=LIGHTMAP_OFF DIRLIGHTMAP_COMBINED DYNAMICLIGHTMAP_ON UNITY_HDR_ON _TERRAIN_NORMAL_MAP pd= ok=1
Cmd: compileSnippet
  api=0 type=0 insize=63376 outsize=4288 kw=LIGHTMAP_OFF DIRLIGHTMAP_COMBINED DYNAMICLIGHTMAP_ON HDR_LIGHT_PREPASS_OFF pd= ok=1
Cmd: compileSnippet
  api=1 type=0 insize=63376 outsize=1187 kw=LIGHTMAP_OFF DIRLIGHTMAP_OFF DYNAMICLIGHTMAP_OFF _TERRAIN_NORMAL_MAP HDR_LIGHT_PREPASS_OFF pd= ok=1
Cmd: compileSnippet
  api=1 type=0 insize=63376 outsize=1129 kw=LIGHTMAP_OFF DIRLIGHTMAP_COMBINED DYNAMICLIGHTMAP_ON _TERRAIN_NORMAL_MAP HDR_LIGHT_PREPASS_OFF pd= ok=1
Cmd: compileSnippet
  api=1 type=0 insize=63376 outsize=1187 kw=LIGHTMAP_OFF DIRLIGHTMAP_OFF DYNAMICLIGHTMAP_OFF UNITY_HDR_ON _TERRAIN_NORMAL_MAP pd= ok=1
Cmd: compileSnippet
  api=0 type=0 insize=63376 outsize=6121 kw=LIGHTMAP_OFF DIRLIGHTMAP_COMBINED DYNAMICLIGHTMAP_ON UNITY_HDR_ON _TERRAIN_NORMAL_MAP pd= ok=1
Cmd: compileSnippet
  api=4 type=1 insize=63376 outsize=3728 kw=LIGHTMAP_OFF DIRLIGHTMAP_COMBINED DYNAMICLIGHTMAP_ON HDR_LIGHT_PREPASS_OFF pd= ok=1
Cmd: compileSnippet
  api=1 type=1 insize=63376 outsize=1345 kw=LIGHTMAP_OFF DIRLIGHTMAP_OFF DYNAMICLIGHTMAP_OFF _TERRAIN_NORMAL_MAP HDR_LIGHT_PREPASS_OFF pd= ok=1
Cmd: compileSnippet
  api=1 type=1 insize=63376 outsize=1288 kw=LIGHTMAP_OFF DIRLIGHTMAP_OFF DYNAMICLIGHTMAP_OFF UNITY_HDR_ON _TERRAIN_NORMAL_MAP pd= ok=1
Cmd: compileSnippet
  api=0 type=0 insize=37977 outsize=3616 kw= pd= ok=1
Cmd: compileSnippet
  api=1 type=1 insize=37977 outsize=688 kw= pd= ok=1
Cmd: compileSnippet
  api=4 type=0 insize=67174 outsize=4012 kw=DIRECTIONAL SHADOWS_OFF LIGHTMAP_OFF DIRLIGHTMAP_OFF DYNAMICLIGHTMAP_OFF pd= ok=1
Cmd: compileSnippet
  api=4 type=0 insize=67174 outsize=4402 kw=DIRECTIONAL SHADOWS_SCREEN LIGHTMAP_OFF DIRLIGHTMAP_OFF DYNAMICLIGHTMAP_OFF pd= ok=1
Cmd: compileSnippet
  api=4 type=0 insize=67174 outsize=3931 kw=DIRECTIONAL SHADOWS_SCREEN LIGHTMAP_OFF DIRLIGHTMAP_COMBINED DYNAMICLIGHTMAP_ON pd= ok=1
Cmd: compileSnippet
  api=1 type=0 insize=67174 outsize=1275 kw=DIRECTIONAL SHADOWS_OFF LIGHTMAP_OFF DIRLIGHTMAP_OFF DYNAMICLIGHTMAP_OFF VERTEXLIGHT_ON pd= ok=1
Cmd: compileSnippet
  api=0 type=0 insize=67174 outsize=3913 kw=DIRECTIONAL SHADOWS_OFF LIGHTMAP_OFF DIRLIGHTMAP_COMBINED DYNAMICLIGHTMAP_ON VERTEXLIGHT_ON pd= ok=1
Cmd: compileSnippet
  api=1 type=0 insize=67174 outsize=817 kw=DIRECTIONAL SHADOWS_SCREEN LIGHTMAP_OFF DIRLIGHTMAP_COMBINED DYNAMICLIGHTMAP_ON VERTEXLIGHT_ON pd= ok=1
Cmd: compileSnippet
  api=0 type=0 insize=67174 outsize=6000 kw=DIRECTIONAL SHADOWS_OFF LIGHTMAP_OFF DIRLIGHTMAP_OFF DYNAMICLIGHTMAP_OFF _TERRAIN_NORMAL_MAP pd= ok=1
Cmd: compileSnippet
  api=0 type=0 insize=67174 outsize=6378 kw=DIRECTIONAL SHADOWS_SCREEN LIGHTMAP_OFF DIRLIGHTMAP_COMBINED DYNAMICLIGHTMAP_ON _TERRAIN_NORMAL_MAP pd= ok=1
Cmd: compileSnippet
  api=4 type=0 insize=67174 outsize=4800 kw=DIRECTIONAL SHADOWS_OFF LIGHTMAP_OFF DIRLIGHTMAP_COMBINED DYNAMICLIGHTMAP_ON VERTEXLIGHT_ON _TERRAIN_NORMAL_MAP pd= ok=1
Cmd: compileSnippet
  api=4 type=0 insize=67174 outsize=7034 kw=DIRECTIONAL SHADOWS_SCREEN LIGHTMAP_OFF DIRLIGHTMAP_OFF DYNAMICLIGHTMAP_OFF VERTEXLIGHT_ON _TERRAIN_NORMAL_MAP pd= ok=1
Cmd: compileSnippet
  api=4 type=0 insize=67174 outsize=5190 kw=DIRECTIONAL SHADOWS_SCREEN LIGHTMAP_OFF DIRLIGHTMAP_COMBINED DYNAMICLIGHTMAP_ON VERTEXLIGHT_ON _TERRAIN_NORMAL_MAP pd= ok=1
Cmd: compileSnippet
  api=0 type=1 insize=67174 outsize=6 kw=DIRECTIONAL SHADOWS_OFF LIGHTMAP_OFF DIRLIGHTMAP_OFF DYNAMICLIGHTMAP_OFF pd= ok=1
Cmd: compileSnippet
  api=1 type=1 insize=67174 outsize=1203 kw=DIRECTIONAL SHADOWS_SCREEN LIGHTMAP_OFF DIRLIGHTMAP_OFF DYNAMICLIGHTMAP_OFF pd= ok=1
Cmd: compileSnippet
  api=1 type=1 insize=67174 outsize=1628 kw=DIRECTIONAL SHADOWS_OFF LIGHTMAP_OFF DIRLIGHTMAP_OFF DYNAMICLIGHTMAP_OFF _TERRAIN_NORMAL_MAP pd= ok=1
Cmd: compileSnippet
  api=0 type=1 insize=67174 outsize=6 kw=DIRECTIONAL SHADOWS_SCREEN LIGHTMAP_OFF DIRLIGHTMAP_COMBINED DYNAMICLIGHTMAP_ON _TERRAIN_NORMAL_MAP pd= ok=1
Cmd: compileSnippet
  api=1 type=1 insize=67174 outsize=1964 kw=DIRECTIONAL SHADOWS_SCREEN LIGHTMAP_OFF DIRLIGHTMAP_COMBINED DYNAMICLIGHTMAP_ON _TERRAIN_NORMAL_MAP pd= ok=1
Cmd: compileSnippet
  api=1 type=0 insize=43012 outsize=563 kw=DIRECTIONAL pd= ok=1
Cmd: compileSnippet
  api=0 type=0 insize=43012 outsize=3718 kw=SPOT pd= ok=1
Cmd: compileSnippet
  api=1 type=0 insize=43012 outsize=1020 kw=POINT _TERRAIN_NORMAL_MAP pd= ok=1
Cmd: compileSnippet
  api=1 type=0 insize=43012 outsize=1020 kw=DIRECTIONAL _TERRAIN_NORMAL_MAP pd= ok=1
Cmd: compileSnippet
  api=4 type=0 insize=43012 outsize=4467 kw=SPOT _TERRAIN_NORMAL_MAP pd= ok=1
Cmd: compileSnippet
  api=0 type=0 insize=43012 outsize=5216 kw=DIRECTIONAL_COOKIE _TERRAIN_NORMAL_MAP pd= ok=1
Cmd: compileSnippet
  api=4 type=1 insize=43012 outsize=4093 kw=POINT pd= ok=1
Cmd: compileSnippet
  api=1 type=1 insize=43012 outsize=1173 kw=POINT_COOKIE pd= ok=1
Cmd: compileSnippet
  api=0 type=1 insize=43012 outsize=6 kw=POINT _TERRAIN_NORMAL_MAP pd= ok=1
Cmd: compileSnippet
  api=0 type=1 insize=43012 outsize=6 kw=SPOT _TERRAIN_NORMAL_MAP pd= ok=1
Cmd: compileSnippet
  api=0 type=1 insize=43012 outsize=6 kw=POINT_COOKIE _TERRAIN_NORMAL_MAP pd= ok=1
Cmd: compileSnippet
  api=0 type=1 insize=43012 outsize=6 kw=DIRECTIONAL_COOKIE _TERRAIN_NORMAL_MAP pd= ok=1
Cmd: compileSnippet
  api=1 type=1 insize=43012 outsize=1557 kw=DIRECTIONAL_COOKIE _TERRAIN_NORMAL_MAP pd= ok=1
Cmd: compileSnippet
  api=1 type=0 insize=36249 outsize=987 kw=_TERRAIN_NORMAL_MAP pd= ok=1
Cmd: compileSnippet
  api=1 type=1 insize=36249 outsize=833 kw=_TERRAIN_NORMAL_MAP pd= ok=1
Cmd: compileSnippet
  api=0 type=0 insize=58218 outsize=4556 kw=LIGHTMAP_OFF DIRLIGHTMAP_COMBINED DYNAMICLIGHTMAP_ON HDR_LIGHT_PREPASS_OFF pd= ok=1
Cmd: compileSnippet
  api=0 type=0 insize=58218 outsize=4556 kw=LIGHTMAP_OFF DIRLIGHTMAP_COMBINED DYNAMICLIGHTMAP_ON _TERRAIN_NORMAL_MAP HDR_LIGHT_PREPASS_OFF pd= ok=1
Cmd: compileSnippet
  api=4 type=1 insize=58218 outsize=2801 kw=LIGHTMAP_OFF DIRLIGHTMAP_OFF DYNAMICLIGHTMAP_OFF HDR_LIGHT_PREPASS_OFF pd= ok=1
Cmd: compileSnippet
  api=4 type=1 insize=58218 outsize=3224 kw=LIGHTMAP_OFF DIRLIGHTMAP_COMBINED DYNAMICLIGHTMAP_ON UNITY_HDR_ON pd= ok=1
Cmd: compileSnippet
  api=4 type=1 insize=58218 outsize=2744 kw=LIGHTMAP_OFF DIRLIGHTMAP_OFF DYNAMICLIGHTMAP_OFF UNITY_HDR_ON _TERRAIN_NORMAL_MAP pd= ok=1
Cmd: compileSnippet
  api=4 type=0 insize=63712 outsize=3760 kw=LIGHTMAP_OFF DIRLIGHTMAP_COMBINED DYNAMICLIGHTMAP_ON HDR_LIGHT_PREPASS_OFF pd= ok=1
Cmd: compileSnippet
  api=0 type=0 insize=63712 outsize=4183 kw=LIGHTMAP_OFF DIRLIGHTMAP_COMBINED DYNAMICLIGHTMAP_ON UNITY_HDR_ON pd= ok=1
Cmd: compileSnippet
  api=1 type=0 insize=63712 outsize=1129 kw=LIGHTMAP_OFF DIRLIGHTMAP_COMBINED DYNAMICLIGHTMAP_ON _TERRAIN_NORMAL_MAP HDR_LIGHT_PREPASS_OFF pd= ok=1
Cmd: compileSnippet
  api=0 type=0 insize=63712 outsize=6055 kw=LIGHTMAP_OFF DIRLIGHTMAP_OFF DYNAMICLIGHTMAP_OFF UNITY_HDR_ON _TERRAIN_NORMAL_MAP pd= ok=1
Cmd: compileSnippet
  api=4 type=1 insize=63712 outsize=3386 kw=LIGHTMAP_OFF DIRLIGHTMAP_OFF DYNAMICLIGHTMAP_OFF HDR_LIGHT_PREPASS_OFF pd= ok=1
Cmd: compileSnippet
  api=0 type=1 insize=63712 outsize=6 kw=LIGHTMAP_OFF DIRLIGHTMAP_OFF DYNAMICLIGHTMAP_OFF _TERRAIN_NORMAL_MAP HDR_LIGHT_PREPASS_OFF pd= ok=1
Cmd: compileSnippet
  api=4 type=1 insize=63712 outsize=4751 kw=LIGHTMAP_OFF DIRLIGHTMAP_OFF DYNAMICLIGHTMAP_OFF _TERRAIN_NORMAL_MAP HDR_LIGHT_PREPASS_OFF pd= ok=1
Cmd: compileSnippet
  api=1 type=1 insize=63712 outsize=1644 kw=LIGHTMAP_OFF DIRLIGHTMAP_COMBINED DYNAMICLIGHTMAP_ON UNITY_HDR_ON _TERRAIN_NORMAL_MAP pd= ok=1
Cmd: compileSnippet
  api=0 type=0 insize=38313 outsize=5406 kw=_TERRAIN_NORMAL_MAP pd= ok=1
Cmd: compileSnippet
  api=0 type=1 insize=38313 outsize=6 kw=_TERRAIN_NORMAL_MAP pd= ok=1
Cmd: compileSnippet
  api=1 type=0 insize=7129 outsize=580 kw=DIRECTIONAL SHADOWS_OFF LIGHTMAP_OFF DIRLIGHTMAP_OFF DYNAMICLIGHTMAP_OFF pd= ok=1
Cmd: compileSnippet
  api=1 type=0 insize=7129 outsize=708 kw=DIRECTIONAL SHADOWS_SCREEN LIGHTMAP_OFF DIRLIGHTMAP_OFF DYNAMICLIGHTMAP_OFF pd= ok=1
Cmd: compileSnippet
  api=0 type=0 insize=7129 outsize=3848 kw=DIRECTIONAL SHADOWS_OFF LIGHTMAP_OFF DIRLIGHTMAP_OFF DYNAMICLIGHTMAP_OFF VERTEXLIGHT_ON pd= ok=1
Cmd: compileSnippet
  api=0 type=0 insize=7129 outsize=4356 kw=DIRECTIONAL SHADOWS_SCREEN LIGHTMAP_OFF DIRLIGHTMAP_OFF DYNAMICLIGHTMAP_OFF VERTEXLIGHT_ON pd= ok=1
Cmd: compileSnippet
  api=8 type=0 insize=7129 outsize=8661 kw=DIRECTIONAL SHADOWS_SCREEN SHADOWS_NATIVE LIGHTMAP_OFF DIRLIGHTMAP_OFF DYNAMICLIGHTMAP_OFF VERTEXLIGHT_ON pd=UNITY_NO_SCREENSPACE_SHADOWS UNITY_NO_LINEAR_COLORSPACE ok=1
Cmd: compileSnippet
  api=0 type=1 insize=7129 outsize=6 kw=DIRECTIONAL SHADOWS_OFF LIGHTMAP_OFF DIRLIGHTMAP_COMBINED DYNAMICLIGHTMAP_ON pd= ok=1
Cmd: compileSnippet
  api=0 type=1 insize=7129 outsize=6 kw=DIRECTIONAL SHADOWS_SCREEN LIGHTMAP_OFF DIRLIGHTMAP_OFF DYNAMICLIGHTMAP_OFF pd= ok=1
Cmd: compileSnippet
  api=1 type=1 insize=7129 outsize=583 kw=DIRECTIONAL SHADOWS_SCREEN LIGHTMAP_OFF DIRLIGHTMAP_OFF DYNAMICLIGHTMAP_OFF pd= ok=1
Cmd: compileSnippet
  api=8 type=1 insize=7129 outsize=3981 kw=DIRECTIONAL SHADOWS_SCREEN SHADOWS_NATIVE LIGHTMAP_OFF DIRLIGHTMAP_OFF DYNAMICLIGHTMAP_OFF pd=UNITY_NO_SCREENSPACE_SHADOWS UNITY_NO_LINEAR_COLORSPACE ok=1
Cmd: compileSnippet
  api=8 type=0 insize=3858 outsize=3892 kw=POINT pd=UNITY_NO_SCREENSPACE_SHADOWS UNITY_NO_LINEAR_COLORSPACE ok=1
Cmd: compileSnippet
  api=1 type=0 insize=3858 outsize=339 kw=SPOT pd= ok=1
Cmd: compileSnippet
  api=8 type=0 insize=3858 outsize=3892 kw=SPOT pd=UNITY_NO_SCREENSPACE_SHADOWS UNITY_NO_LINEAR_COLORSPACE ok=1
Cmd: compileSnippet
  api=1 type=0 insize=3858 outsize=339 kw=DIRECTIONAL_COOKIE pd= ok=1
Cmd: compileSnippet
  api=4 type=1 insize=3858 outsize=2793 kw=POINT pd= ok=1
Cmd: compileSnippet
  api=8 type=1 insize=3858 outsize=4859 kw=SPOT pd=UNITY_NO_SCREENSPACE_SHADOWS UNITY_NO_LINEAR_COLORSPACE ok=1
Cmd: compileSnippet
  api=8 type=0 insize=2979 outsize=3583 kw= pd=UNITY_NO_SCREENSPACE_SHADOWS UNITY_NO_LINEAR_COLORSPACE ok=1
Cmd: compileSnippet
  api=0 type=0 insize=6043 outsize=3174 kw=LIGHTMAP_OFF DIRLIGHTMAP_COMBINED DYNAMICLIGHTMAP_ON HDR_LIGHT_PREPASS_OFF pd= ok=1
Cmd: compileSnippet
  api=8 type=0 insize=6043 outsize=5826 kw=LIGHTMAP_OFF DIRLIGHTMAP_OFF DYNAMICLIGHTMAP_OFF UNITY_HDR_ON pd=UNITY_NO_SCREENSPACE_SHADOWS UNITY_NO_LINEAR_COLORSPACE ok=1
Cmd: compileSnippet
  api=1 type=1 insize=6043 outsize=639 kw=LIGHTMAP_OFF DIRLIGHTMAP_COMBINED DYNAMICLIGHTMAP_ON HDR_LIGHT_PREPASS_OFF pd= ok=1
Cmd: compileSnippet
  api=4 type=1 insize=6043 outsize=1924 kw=LIGHTMAP_OFF DIRLIGHTMAP_COMBINED DYNAMICLIGHTMAP_ON UNITY_HDR_ON pd= ok=1
Cmd: compileSnippet
  api=0 type=0 insize=6231 outsize=2707 kw=LIGHTMAP_OFF DIRLIGHTMAP_COMBINED DYNAMICLIGHTMAP_ON HDR_LIGHT_PREPASS_OFF pd= ok=1
Cmd: compileSnippet
  api=0 type=0 insize=6231 outsize=2601 kw=LIGHTMAP_OFF DIRLIGHTMAP_COMBINED DYNAMICLIGHTMAP_ON UNITY_HDR_ON pd= ok=1
Cmd: compileSnippet
  api=1 type=1 insize=6231 outsize=724 kw=LIGHTMAP_OFF DIRLIGHTMAP_COMBINED DYNAMICLIGHTMAP_ON HDR_LIGHT_PREPASS_OFF pd= ok=1
Cmd: compileSnippet
  api=4 type=1 insize=6231 outsize=2379 kw=LIGHTMAP_OFF DIRLIGHTMAP_COMBINED DYNAMICLIGHTMAP_ON UNITY_HDR_ON pd= ok=1
Cmd: compileSnippet
  api=8 type=0 insize=3170 outsize=3591 kw= pd=UNITY_NO_SCREENSPACE_SHADOWS UNITY_NO_LINEAR_COLORSPACE ok=1
Cmd: compileSnippet
  api=1 type=1 insize=3170 outsize=341 kw= pd= ok=1
Cmd: compileSnippet
  api=0 type=0 insize=70382 outsize=10482 kw=DIRECTIONAL SHADOWS_OFF LIGHTMAP_OFF DIRLIGHTMAP_COMBINED DYNAMICLIGHTMAP_ON pd= ok=1
Cmd: compileSnippet
  api=0 type=0 insize=70382 outsize=10482 kw=DIRECTIONAL SHADOWS_OFF LIGHTMAP_OFF DIRLIGHTMAP_COMBINED DYNAMICLIGHTMAP_ON VERTEXLIGHT_ON pd= ok=1
Cmd: compileSnippet
  api=0 type=0 insize=70382 outsize=12394 kw=DIRECTIONAL SHADOWS_OFF LIGHTMAP_OFF DIRLIGHTMAP_COMBINED DYNAMICLIGHTMAP_ON _TERRAIN_NORMAL_MAP pd= ok=1
Cmd: compileSnippet
  api=1 type=0 insize=70382 outsize=1072 kw=DIRECTIONAL SHADOWS_OFF LIGHTMAP_OFF DIRLIGHTMAP_COMBINED DYNAMICLIGHTMAP_ON VERTEXLIGHT_ON _TERRAIN_NORMAL_MAP pd= ok=1
Cmd: compileSnippet
  api=0 type=0 insize=70382 outsize=14233 kw=DIRECTIONAL SHADOWS_SCREEN LIGHTMAP_OFF DIRLIGHTMAP_OFF DYNAMICLIGHTMAP_OFF VERTEXLIGHT_ON _TERRAIN_NORMAL_MAP pd= ok=1
Cmd: compileSnippet
  api=4 type=1 insize=70382 outsize=11706 kw=DIRECTIONAL SHADOWS_OFF LIGHTMAP_OFF DIRLIGHTMAP_OFF DYNAMICLIGHTMAP_OFF pd= ok=1
Cmd: compileSnippet
  api=0 type=1 insize=70382 outsize=6 kw=DIRECTIONAL SHADOWS_OFF LIGHTMAP_OFF DIRLIGHTMAP_OFF DYNAMICLIGHTMAP_OFF _TERRAIN_NORMAL_MAP pd= ok=1
Cmd: compileSnippet
  api=1 type=1 insize=70382 outsize=4841 kw=DIRECTIONAL SHADOWS_OFF LIGHTMAP_OFF DIRLIGHTMAP_COMBINED DYNAMICLIGHTMAP_ON _TERRAIN_NORMAL_MAP pd= ok=1
Cmd: compileSnippet
  api=4 type=0 insize=46248 outsize=3256 kw=DIRECTIONAL SHADOWS_OFF pd= ok=1
Cmd: compileSnippet
  api=4 type=0 insize=46248 outsize=3256 kw=SPOT SHADOWS_OFF pd= ok=1
Cmd: compileSnippet
  api=1 type=0 insize=46248 outsize=563 kw=POINT_COOKIE SHADOWS_OFF pd= ok=1
Cmd: compileSnippet
  api=0 type=0 insize=46248 outsize=5969 kw=DIRECTIONAL_COOKIE SHADOWS_OFF pd= ok=1
Cmd: compileSnippet
  api=0 type=0 insize=46248 outsize=6754 kw=POINT SHADOWS_CUBE pd= ok=1
Cmd: compileSnippet
  api=1 type=0 insize=46248 outsize=620 kw=POINT SHADOWS_CUBE SHADOWS_SOFT pd= ok=1
Cmd: compileSnippet
  api=0 type=0 insize=46248 outsize=7823 kw=POINT_COOKIE SHADOWS_CUBE SHADOWS_SOFT pd= ok=1
Cmd: compileSnippet
  api=4 type=0 insize=46248 outsize=4467 kw=DIRECTIONAL SHADOWS_OFF _TERRAIN_NORMAL_MAP pd= ok=1
Cmd: compileSnippet
  api=0 type=0 insize=46248 outsize=7947 kw=POINT_COOKIE SHADOWS_OFF _TERRAIN_NORMAL_MAP pd= ok=1
Cmd: compileSnippet
  api=4 type=0 insize=46248 outsize=4857 kw=DIRECTIONAL SHADOWS_SCREEN _TERRAIN_NORMAL_MAP pd= ok=1
Cmd: compileSnippet
  api=0 type=0 insize=46248 outsize=8228 kw=DIRECTIONAL_COOKIE SHADOWS_SCREEN _TERRAIN_NORMAL_MAP pd= ok=1
Cmd: compileSnippet
  api=4 type=0 insize=46248 outsize=5190 kw=SPOT SHADOWS_DEPTH SHADOWS_SOFT SHADOWS_NATIVE _TERRAIN_NORMAL_MAP pd= ok=1
Cmd: compileSnippet
  api=4 type=0 insize=46248 outsize=4686 kw=POINT SHADOWS_CUBE SHADOWS_SOFT _TERRAIN_NORMAL_MAP pd= ok=1
Cmd: compileSnippet
  api=1 type=0 insize=46248 outsize=1077 kw=POINT_COOKIE SHADOWS_CUBE SHADOWS_SOFT _TERRAIN_NORMAL_MAP pd= ok=1
Cmd: compileSnippet
  api=1 type=1 insize=46248 outsize=2675 kw=POINT SHADOWS_OFF pd= ok=1
Cmd: compileSnippet
  api=0 type=1 insize=46248 outsize=6 kw=DIRECTIONAL_COOKIE SHADOWS_OFF pd= ok=1
Cmd: compileSnippet
  api=1 type=1 insize=46248 outsize=2605 kw=DIRECTIONAL_COOKIE SHADOWS_OFF pd= ok=1
Cmd: compileSnippet
  api=4 type=1 insize=46248 outsize=7319 kw=DIRECTIONAL SHADOWS_SCREEN pd= ok=1
Cmd: compileSnippet
  api=0 type=1 insize=46248 outsize=6 kw=POINT_COOKIE SHADOWS_CUBE pd= ok=1
Cmd: compileSnippet
  api=4 type=1 insize=46248 outsize=8505 kw=POINT_COOKIE SHADOWS_CUBE pd= ok=1
Cmd: compileSnippet
  api=4 type=1 insize=46248 outsize=9090 kw=POINT SHADOWS_CUBE SHADOWS_SOFT pd= ok=1
Cmd: compileSnippet
  api=0 type=1 insize=46248 outsize=6 kw=POINT SHADOWS_OFF _TERRAIN_NORMAL_MAP pd= ok=1
Cmd: compileSnippet
  api=4 type=1 insize=46248 outsize=9123 kw=POINT SHADOWS_OFF _TERRAIN_NORMAL_MAP pd= ok=1
Cmd: compileSnippet
  api=0 type=1 insize=46248 outsize=6 kw=POINT_COOKIE SHADOWS_OFF _TERRAIN_NORMAL_MAP pd= ok=1
Cmd: compileSnippet
  api=4 type=1 insize=46248 outsize=9309 kw=POINT_COOKIE SHADOWS_OFF _TERRAIN_NORMAL_MAP pd= ok=1
Cmd: compileSnippet
  api=0 type=1 insize=46248 outsize=6 kw=DIRECTIONAL SHADOWS_SCREEN _TERRAIN_NORMAL_MAP pd= ok=1
Cmd: compileSnippet
  api=4 type=1 insize=46248 outsize=8708 kw=DIRECTIONAL SHADOWS_SCREEN _TERRAIN_NORMAL_MAP pd= ok=1
Cmd: compileSnippet
  api=0 type=1 insize=46248 outsize=6 kw=POINT SHADOWS_CUBE _TERRAIN_NORMAL_MAP pd= ok=1
Cmd: compileSnippet
  api=4 type=1 insize=46248 outsize=9740 kw=POINT SHADOWS_CUBE _TERRAIN_NORMAL_MAP pd= ok=1
Cmd: compileSnippet
  api=0 type=1 insize=46248 outsize=6 kw=POINT SHADOWS_CUBE SHADOWS_SOFT _TERRAIN_NORMAL_MAP pd= ok=1
Cmd: compileSnippet
  api=4 type=1 insize=46248 outsize=10512 kw=POINT SHADOWS_CUBE SHADOWS_SOFT _TERRAIN_NORMAL_MAP pd= ok=1
Cmd: compileSnippet
  api=0 type=0 insize=66920 outsize=5474 kw=LIGHTMAP_OFF DIRLIGHTMAP_OFF DYNAMICLIGHTMAP_OFF HDR_LIGHT_PREPASS_OFF pd= ok=1
Cmd: compileSnippet
  api=4 type=0 insize=66920 outsize=5231 kw=LIGHTMAP_OFF DIRLIGHTMAP_OFF DYNAMICLIGHTMAP_OFF _TERRAIN_NORMAL_MAP HDR_LIGHT_PREPASS_OFF pd= ok=1
Cmd: compileSnippet
  api=1 type=0 insize=66920 outsize=1129 kw=LIGHTMAP_OFF DIRLIGHTMAP_COMBINED DYNAMICLIGHTMAP_ON _TERRAIN_NORMAL_MAP HDR_LIGHT_PREPASS_OFF pd= ok=1
Cmd: compileSnippet
  api=4 type=0 insize=66920 outsize=5149 kw=LIGHTMAP_OFF DIRLIGHTMAP_COMBINED DYNAMICLIGHTMAP_ON _TERRAIN_NORMAL_MAP HDR_LIGHT_PREPASS_OFF pd= ok=1
Cmd: compileSnippet
  api=0 type=0 insize=66920 outsize=7239 kw=LIGHTMAP_OFF DIRLIGHTMAP_COMBINED DYNAMICLIGHTMAP_ON UNITY_HDR_ON _TERRAIN_NORMAL_MAP pd= ok=1
Cmd: compileSnippet
  api=4 type=1 insize=66920 outsize=4410 kw=LIGHTMAP_OFF DIRLIGHTMAP_COMBINED DYNAMICLIGHTMAP_ON HDR_LIGHT_PREPASS_OFF pd= ok=1
Cmd: compileSnippet
  api=1 type=1 insize=66920 outsize=1363 kw=LIGHTMAP_OFF DIRLIGHTMAP_COMBINED DYNAMICLIGHTMAP_ON UNITY_HDR_ON pd= ok=1
Cmd: compileSnippet
  api=0 type=1 insize=66920 outsize=6 kw=LIGHTMAP_OFF DIRLIGHTMAP_OFF DYNAMICLIGHTMAP_OFF UNITY_HDR_ON _TERRAIN_NORMAL_MAP pd= ok=1
Cmd: compileSnippet
  api=1 type=1 insize=66920 outsize=1572 kw=LIGHTMAP_OFF DIRLIGHTMAP_OFF DYNAMICLIGHTMAP_OFF UNITY_HDR_ON _TERRAIN_NORMAL_MAP pd= ok=1
Cmd: compileSnippet
  api=4 type=0 insize=41553 outsize=5198 kw=_TERRAIN_NORMAL_MAP pd= ok=1
Cmd: compileSnippet
  api=1 type=0 insize=70718 outsize=766 kw=DIRECTIONAL SHADOWS_OFF LIGHTMAP_OFF DIRLIGHTMAP_OFF DYNAMICLIGHTMAP_OFF pd= ok=1
Cmd: compileSnippet
  api=0 type=0 insize=70718 outsize=11237 kw=DIRECTIONAL SHADOWS_SCREEN LIGHTMAP_OFF DIRLIGHTMAP_OFF DYNAMICLIGHTMAP_OFF pd= ok=1
Cmd: compileSnippet
  api=0 type=0 insize=70718 outsize=12470 kw=DIRECTIONAL SHADOWS_SCREEN LIGHTMAP_OFF DIRLIGHTMAP_OFF DYNAMICLIGHTMAP_OFF VERTEXLIGHT_ON pd= ok=1
Cmd: compileSnippet
  api=1 type=0 insize=70718 outsize=1221 kw=DIRECTIONAL SHADOWS_SCREEN LIGHTMAP_OFF DIRLIGHTMAP_COMBINED DYNAMICLIGHTMAP_ON _TERRAIN_NORMAL_MAP pd= ok=1
Cmd: compileSnippet
  api=0 type=0 insize=70718 outsize=13795 kw=DIRECTIONAL SHADOWS_OFF LIGHTMAP_OFF DIRLIGHTMAP_OFF DYNAMICLIGHTMAP_OFF VERTEXLIGHT_ON _TERRAIN_NORMAL_MAP pd= ok=1
Cmd: compileSnippet
  api=4 type=0 insize=70718 outsize=5190 kw=DIRECTIONAL SHADOWS_SCREEN LIGHTMAP_OFF DIRLIGHTMAP_COMBINED DYNAMICLIGHTMAP_ON VERTEXLIGHT_ON _TERRAIN_NORMAL_MAP pd= ok=1
Cmd: compileSnippet
  api=0 type=1 insize=70718 outsize=6 kw=DIRECTIONAL SHADOWS_OFF LIGHTMAP_OFF DIRLIGHTMAP_OFF DYNAMICLIGHTMAP_OFF pd= ok=1
Cmd: compileSnippet
  api=0 type=1 insize=70718 outsize=6 kw=DIRECTIONAL SHADOWS_SCREEN LIGHTMAP_OFF DIRLIGHTMAP_OFF DYNAMICLIGHTMAP_OFF pd= ok=1
Cmd: compileSnippet
  api=4 type=1 insize=70718 outsize=12121 kw=DIRECTIONAL SHADOWS_SCREEN LIGHTMAP_OFF DIRLIGHTMAP_OFF DYNAMICLIGHTMAP_OFF pd= ok=1
Cmd: compileSnippet
  api=0 type=1 insize=70718 outsize=6 kw=DIRECTIONAL SHADOWS_OFF LIGHTMAP_OFF DIRLIGHTMAP_OFF DYNAMICLIGHTMAP_OFF _TERRAIN_NORMAL_MAP pd= ok=1
Cmd: compileSnippet
  api=0 type=1 insize=70718 outsize=6 kw=DIRECTIONAL SHADOWS_OFF LIGHTMAP_OFF DIRLIGHTMAP_COMBINED DYNAMICLIGHTMAP_ON _TERRAIN_NORMAL_MAP pd= ok=1
Cmd: compileSnippet
  api=4 type=1 insize=70718 outsize=13746 kw=DIRECTIONAL SHADOWS_OFF LIGHTMAP_OFF DIRLIGHTMAP_COMBINED DYNAMICLIGHTMAP_ON _TERRAIN_NORMAL_MAP pd= ok=1
Cmd: compileSnippet
  api=4 type=0 insize=46584 outsize=3256 kw=POINT SHADOWS_OFF pd= ok=1
Cmd: compileSnippet
  api=0 type=0 insize=46584 outsize=6247 kw=POINT_COOKIE SHADOWS_OFF pd= ok=1
Cmd: compileSnippet
  api=4 type=0 insize=46584 outsize=3979 kw=SPOT SHADOWS_DEPTH SHADOWS_NATIVE pd= ok=1
Cmd: compileSnippet
  api=4 type=0 insize=46584 outsize=3646 kw=DIRECTIONAL SHADOWS_SCREEN pd= ok=1
Cmd: compileSnippet
  api=4 type=0 insize=46584 outsize=3646 kw=DIRECTIONAL_COOKIE SHADOWS_SCREEN pd= ok=1
Cmd: compileSnippet
  api=1 type=0 insize=46584 outsize=620 kw=POINT SHADOWS_CUBE pd= ok=1
Cmd: compileSnippet
  api=4 type=0 insize=46584 outsize=3476 kw=POINT SHADOWS_CUBE pd= ok=1
Cmd: compileSnippet
  api=0 type=0 insize=46584 outsize=6966 kw=POINT_COOKIE SHADOWS_CUBE pd= ok=1
Cmd: compileSnippet
  api=0 type=0 insize=46584 outsize=7908 kw=POINT_COOKIE SHADOWS_CUBE SHADOWS_SOFT pd= ok=1
Cmd: compileSnippet
  api=1 type=0 insize=46584 outsize=1020 kw=SPOT SHADOWS_OFF _TERRAIN_NORMAL_MAP pd= ok=1
Cmd: compileSnippet
  api=0 type=0 insize=46584 outsize=8032 kw=POINT_COOKIE SHADOWS_OFF _TERRAIN_NORMAL_MAP pd= ok=1
Cmd: compileSnippet
  api=4 type=0 insize=46584 outsize=4857 kw=DIRECTIONAL SHADOWS_SCREEN _TERRAIN_NORMAL_MAP pd= ok=1
Cmd: compileSnippet
  api=1 type=0 insize=46584 outsize=1169 kw=DIRECTIONAL_COOKIE SHADOWS_SCREEN _TERRAIN_NORMAL_MAP pd= ok=1
Cmd: compileSnippet
  api=4 type=0 insize=46584 outsize=4857 kw=DIRECTIONAL_COOKIE SHADOWS_SCREEN _TERRAIN_NORMAL_MAP pd= ok=1
Cmd: compileSnippet
  api=4 type=0 insize=46584 outsize=4686 kw=POINT SHADOWS_CUBE _TERRAIN_NORMAL_MAP pd= ok=1
Cmd: compileSnippet
  api=4 type=0 insize=46584 outsize=4686 kw=POINT_COOKIE SHADOWS_CUBE _TERRAIN_NORMAL_MAP pd= ok=1
Cmd: compileSnippet
  api=0 type=0 insize=46584 outsize=9570 kw=POINT SHADOWS_CUBE SHADOWS_SOFT _TERRAIN_NORMAL_MAP pd= ok=1
Cmd: compileSnippet
  api=4 type=1 insize=46584 outsize=7116 kw=DIRECTIONAL SHADOWS_OFF pd= ok=1
Cmd: compileSnippet
  api=0 type=1 insize=46584 outsize=6 kw=POINT_COOKIE SHADOWS_OFF pd= ok=1
Cmd: compileSnippet
  api=1 type=1 insize=46584 outsize=2784 kw=POINT_COOKIE SHADOWS_OFF pd= ok=1
Cmd: compileSnippet
  api=1 type=1 insize=46584 outsize=2590 kw=DIRECTIONAL SHADOWS_SCREEN pd= ok=1
Cmd: compileSnippet
  api=1 type=1 insize=46584 outsize=2994 kw=POINT_COOKIE SHADOWS_CUBE pd= ok=1
Cmd: compileSnippet
  api=4 type=1 insize=46584 outsize=9456 kw=POINT_COOKIE SHADOWS_CUBE SHADOWS_SOFT pd= ok=1
Cmd: compileSnippet
  api=4 type=1 insize=46584 outsize=8448 kw=DIRECTIONAL SHADOWS_OFF _TERRAIN_NORMAL_MAP pd= ok=1
Cmd: compileSnippet
  api=4 type=1 insize=46584 outsize=9399 kw=POINT_COOKIE SHADOWS_OFF _TERRAIN_NORMAL_MAP pd= ok=1
Cmd: compileSnippet
  api=0 type=1 insize=46584 outsize=6 kw=DIRECTIONAL SHADOWS_SCREEN _TERRAIN_NORMAL_MAP pd= ok=1
Cmd: compileSnippet
  api=0 type=1 insize=46584 outsize=6 kw=DIRECTIONAL_COOKIE SHADOWS_SCREEN _TERRAIN_NORMAL_MAP pd= ok=1
Cmd: compileSnippet
  api=4 type=1 insize=46584 outsize=9236 kw=DIRECTIONAL_COOKIE SHADOWS_SCREEN _TERRAIN_NORMAL_MAP pd= ok=1
Cmd: compileSnippet
  api=0 type=1 insize=46584 outsize=6 kw=POINT_COOKIE SHADOWS_CUBE _TERRAIN_NORMAL_MAP pd= ok=1
Cmd: compileSnippet
  api=1 type=1 insize=46584 outsize=3730 kw=SPOT SHADOWS_DEPTH SHADOWS_SOFT SHADOWS_NATIVE _TERRAIN_NORMAL_MAP pd= ok=1
Cmd: compileSnippet
  api=4 type=1 insize=46584 outsize=10821 kw=POINT_COOKIE SHADOWS_CUBE SHADOWS_SOFT _TERRAIN_NORMAL_MAP pd= ok=1
Cmd: compileSnippet
  api=4 type=0 insize=67256 outsize=4012 kw=LIGHTMAP_OFF DIRLIGHTMAP_OFF DYNAMICLIGHTMAP_OFF HDR_LIGHT_PREPASS_OFF pd= ok=1
Cmd: compileSnippet
  api=4 type=0 insize=67256 outsize=4012 kw=LIGHTMAP_OFF DIRLIGHTMAP_OFF DYNAMICLIGHTMAP_OFF UNITY_HDR_ON pd= ok=1
Cmd: compileSnippet
  api=4 type=0 insize=67256 outsize=3760 kw=LIGHTMAP_OFF DIRLIGHTMAP_COMBINED DYNAMICLIGHTMAP_ON UNITY_HDR_ON pd= ok=1
Cmd: compileSnippet
  api=1 type=0 insize=67256 outsize=1187 kw=LIGHTMAP_OFF DIRLIGHTMAP_OFF DYNAMICLIGHTMAP_OFF _TERRAIN_NORMAL_MAP HDR_LIGHT_PREPASS_OFF pd= ok=1
Cmd: compileSnippet
  api=4 type=0 insize=67256 outsize=5231 kw=LIGHTMAP_OFF DIRLIGHTMAP_OFF DYNAMICLIGHTMAP_OFF _TERRAIN_NORMAL_MAP HDR_LIGHT_PREPASS_OFF pd= ok=1
Cmd: compileSnippet
  api=0 type=0 insize=67256 outsize=7551 kw=LIGHTMAP_OFF DIRLIGHTMAP_COMBINED DYNAMICLIGHTMAP_ON _TERRAIN_NORMAL_MAP HDR_LIGHT_PREPASS_OFF pd= ok=1
Cmd: compileSnippet
  api=4 type=1 insize=67256 outsize=4516 kw=LIGHTMAP_OFF DIRLIGHTMAP_COMBINED DYNAMICLIGHTMAP_ON HDR_LIGHT_PREPASS_OFF pd= ok=1
Cmd: compileSnippet
  api=1 type=1 insize=67256 outsize=1685 kw=LIGHTMAP_OFF DIRLIGHTMAP_OFF DYNAMICLIGHTMAP_OFF _TERRAIN_NORMAL_MAP HDR_LIGHT_PREPASS_OFF pd= ok=1
Cmd: compileSnippet
  api=4 type=1 insize=67256 outsize=5385 kw=LIGHTMAP_OFF DIRLIGHTMAP_OFF DYNAMICLIGHTMAP_OFF UNITY_HDR_ON _TERRAIN_NORMAL_MAP pd= ok=1
Cmd: compileSnippet
  api=4 type=0 insize=41889 outsize=5198 kw=_TERRAIN_NORMAL_MAP pd= ok=1
Cmd: compileSnippet
  api=0 type=1 insize=41889 outsize=6 kw=_TERRAIN_NORMAL_MAP pd= ok=1
Cmd: compileSnippet
  api=0 type=0 insize=7364 outsize=8482 kw=DIRECTIONAL SHADOWS_OFF LIGHTMAP_OFF DIRLIGHTMAP_OFF DYNAMICLIGHTMAP_OFF pd= ok=1
Cmd: compileSnippet
  api=0 type=0 insize=7364 outsize=8324 kw=DIRECTIONAL SHADOWS_OFF LIGHTMAP_OFF DIRLIGHTMAP_COMBINED DYNAMICLIGHTMAP_ON VERTEXLIGHT_ON pd= ok=1
Cmd: compileSnippet
  api=1 type=1 insize=7364 outsize=3798 kw=DIRECTIONAL SHADOWS_OFF LIGHTMAP_OFF DIRLIGHTMAP_COMBINED DYNAMICLIGHTMAP_ON pd= ok=1
Cmd: compileSnippet
  api=4 type=0 insize=4107 outsize=2753 kw=POINT SHADOWS_OFF pd= ok=1
Cmd: compileSnippet
  api=4 type=0 insize=4107 outsize=2753 kw=SPOT SHADOWS_OFF pd= ok=1
Cmd: compileSnippet
  api=4 type=0 insize=4107 outsize=2753 kw=POINT_COOKIE SHADOWS_OFF pd= ok=1
Cmd: compileSnippet
  api=1 type=0 insize=4107 outsize=403 kw=DIRECTIONAL_COOKIE SHADOWS_OFF pd= ok=1
Cmd: compileSnippet
  api=0 type=0 insize=4107 outsize=4427 kw=SPOT SHADOWS_DEPTH SHADOWS_NATIVE pd= ok=1
Cmd: compileSnippet
  api=0 type=0 insize=4107 outsize=4572 kw=POINT SHADOWS_CUBE pd= ok=1
Cmd: compileSnippet
  api=1 type=0 insize=4107 outsize=460 kw=POINT SHADOWS_CUBE SHADOWS_SOFT pd= ok=1
Cmd: compileSnippet
  api=1 type=0 insize=4107 outsize=460 kw=POINT_COOKIE SHADOWS_CUBE SHADOWS_SOFT pd= ok=1
Cmd: compileSnippet
  api=1 type=1 insize=4107 outsize=1929 kw=DIRECTIONAL SHADOWS_OFF pd= ok=1
Cmd: compileSnippet
  api=4 type=1 insize=4107 outsize=6352 kw=POINT_COOKIE SHADOWS_OFF pd= ok=1
Cmd: compileSnippet
  api=1 type=1 insize=4107 outsize=2398 kw=SPOT SHADOWS_DEPTH SHADOWS_NATIVE pd= ok=1
Cmd: compileSnippet
  api=1 type=1 insize=4107 outsize=2124 kw=DIRECTIONAL_COOKIE SHADOWS_SCREEN pd= ok=1
Cmd: compileSnippet
  api=0 type=1 insize=4107 outsize=6 kw=POINT_COOKIE SHADOWS_CUBE pd= ok=1
Cmd: compileSnippet
  api=1 type=1 insize=4107 outsize=2470 kw=POINT_COOKIE SHADOWS_CUBE pd= ok=1
Cmd: compileSnippet
  api=4 type=1 insize=4107 outsize=7619 kw=POINT SHADOWS_CUBE SHADOWS_SOFT pd= ok=1
Cmd: compileSnippet
  api=1 type=0 insize=6466 outsize=565 kw=LIGHTMAP_OFF DIRLIGHTMAP_COMBINED DYNAMICLIGHTMAP_ON HDR_LIGHT_PREPASS_OFF pd= ok=1
Cmd: compileSnippet
  api=1 type=0 insize=6466 outsize=606 kw=LIGHTMAP_OFF DIRLIGHTMAP_OFF DYNAMICLIGHTMAP_OFF UNITY_HDR_ON pd= ok=1
Cmd: compileSnippet
  api=1 type=0 insize=6466 outsize=565 kw=LIGHTMAP_OFF DIRLIGHTMAP_COMBINED DYNAMICLIGHTMAP_ON UNITY_HDR_ON pd= ok=1
Cmd: compileSnippet
  api=4 type=0 insize=6466 outsize=3256 kw=LIGHTMAP_OFF DIRLIGHTMAP_COMBINED DYNAMICLIGHTMAP_ON UNITY_HDR_ON pd= ok=1
Cmd: compileSnippet
  api=1 type=1 insize=6466 outsize=857 kw=LIGHTMAP_OFF DIRLIGHTMAP_COMBINED DYNAMICLIGHTMAP_ON HDR_LIGHT_PREPASS_OFF pd= ok=1
Cmd: compileSnippet
  api=1 type=1 insize=6466 outsize=798 kw=LIGHTMAP_OFF DIRLIGHTMAP_COMBINED DYNAMICLIGHTMAP_ON UNITY_HDR_ON pd= ok=1
Cmd: compileSnippet
  api=8 type=0 insize=4597 outsize=6045 kw= pd=UNITY_NO_SCREENSPACE_SHADOWS UNITY_NO_LINEAR_COLORSPACE ok=1
Cmd: compileSnippet
  api=1 type=1 insize=4597 outsize=172 kw= pd= ok=1
Cmd: compileSnippet
  api=0 type=1 insize=4597 outsize=6 kw=SPOT pd= ok=1
Cmd: compileSnippet
  api=1 type=0 insize=1807 outsize=259 kw= pd= ok=1
Cmd: compileSnippet
  api=1 type=1 insize=1807 outsize=206 kw= pd= ok=1
Cmd: compileSnippet
  api=0 type=0 insize=2082 outsize=1199 kw= pd= ok=1
Cmd: compileSnippet
  api=0 type=1 insize=2082 outsize=6 kw= pd= ok=1
Cmd: compileSnippet
  api=8 type=0 insize=541 outsize=5395 kw=SHADOWS_DEPTH pd=UNITY_NO_SCREENSPACE_SHADOWS UNITY_NO_LINEAR_COLORSPACE ok=1
Cmd: compileSnippet
  api=8 type=1 insize=541 outsize=674 kw=SHADOWS_DEPTH pd=UNITY_NO_SCREENSPACE_SHADOWS UNITY_NO_LINEAR_COLORSPACE ok=1
Cmd: compileSnippet
  api=4 type=0 insize=6924 outsize=3037 kw=DIRECTIONAL SHADOWS_OFF LIGHTMAP_OFF DIRLIGHTMAP_COMBINED DYNAMICLIGHTMAP_ON pd= ok=1
Cmd: compileSnippet
  api=4 type=0 insize=6924 outsize=4053 kw=DIRECTIONAL SHADOWS_SCREEN LIGHTMAP_OFF DIRLIGHTMAP_OFF DYNAMICLIGHTMAP_OFF pd= ok=1
Cmd: compileSnippet
  api=0 type=0 insize=6924 outsize=3536 kw=DIRECTIONAL SHADOWS_OFF LIGHTMAP_OFF DIRLIGHTMAP_OFF DYNAMICLIGHTMAP_OFF VERTEXLIGHT_ON pd= ok=1
Cmd: compileSnippet
  api=0 type=0 insize=6924 outsize=2681 kw=DIRECTIONAL SHADOWS_SCREEN LIGHTMAP_OFF DIRLIGHTMAP_COMBINED DYNAMICLIGHTMAP_ON VERTEXLIGHT_ON pd= ok=1
Cmd: compileSnippet
  api=1 type=1 insize=6924 outsize=263 kw=DIRECTIONAL SHADOWS_OFF LIGHTMAP_OFF DIRLIGHTMAP_OFF DYNAMICLIGHTMAP_OFF pd= ok=1
Cmd: compileSnippet
  api=1 type=1 insize=6924 outsize=328 kw=DIRECTIONAL SHADOWS_SCREEN LIGHTMAP_OFF DIRLIGHTMAP_OFF DYNAMICLIGHTMAP_OFF pd= ok=1
Cmd: compileSnippet
  api=8 type=1 insize=6924 outsize=2665 kw=DIRECTIONAL SHADOWS_SCREEN SHADOWS_NATIVE LIGHTMAP_OFF DIRLIGHTMAP_OFF DYNAMICLIGHTMAP_OFF pd=UNITY_NO_SCREENSPACE_SHADOWS UNITY_NO_LINEAR_COLORSPACE ok=1
Cmd: compileSnippet
  api=8 type=0 insize=3695 outsize=3892 kw=POINT pd=UNITY_NO_SCREENSPACE_SHADOWS UNITY_NO_LINEAR_COLORSPACE ok=1
Cmd: compileSnippet
  api=4 type=0 insize=3695 outsize=2753 kw=SPOT pd= ok=1
Cmd: compileSnippet
  api=4 type=0 insize=3695 outsize=2753 kw=POINT_COOKIE pd= ok=1
Cmd: compileSnippet
  api=4 type=0 insize=3695 outsize=2753 kw=DIRECTIONAL_COOKIE pd= ok=1
Cmd: compileSnippet
  api=0 type=1 insize=3695 outsize=6 kw=POINT pd= ok=1
Cmd: compileSnippet
  api=1 type=1 insize=3695 outsize=223 kw=DIRECTIONAL pd= ok=1
Cmd: compileSnippet
  api=1 type=1 insize=3695 outsize=585 kw=SPOT pd= ok=1
Cmd: compileSnippet
  api=0 type=1 insize=3695 outsize=6 kw=DIRECTIONAL_COOKIE pd= ok=1
Cmd: compileSnippet
  api=1 type=1 insize=3695 outsize=355 kw=DIRECTIONAL_COOKIE pd= ok=1
Cmd: compileSnippet
  api=8 type=0 insize=2902 outsize=3583 kw= pd=UNITY_NO_SCREENSPACE_SHADOWS UNITY_NO_LINEAR_COLORSPACE ok=1
Cmd: compileSnippet
  api=1 type=0 insize=5962 outsize=862 kw=LIGHTMAP_OFF DIRLIGHTMAP_COMBINED DYNAMICLIGHTMAP_ON HDR_LIGHT_PREPASS_OFF pd= ok=1
Cmd: compileSnippet
  api=0 type=0 insize=5962 outsize=2724 kw=LIGHTMAP_OFF DIRLIGHTMAP_OFF DYNAMICLIGHTMAP_OFF UNITY_HDR_ON pd= ok=1
Cmd: compileSnippet
  api=1 type=1 insize=5962 outsize=540 kw=LIGHTMAP_OFF DIRLIGHTMAP_COMBINED DYNAMICLIGHTMAP_ON HDR_LIGHT_PREPASS_OFF pd= ok=1
Cmd: compileSnippet
  api=8 type=1 insize=5962 outsize=1918 kw=LIGHTMAP_OFF DIRLIGHTMAP_OFF DYNAMICLIGHTMAP_OFF UNITY_HDR_ON pd=UNITY_NO_SCREENSPACE_SHADOWS UNITY_NO_LINEAR_COLORSPACE ok=1
Cmd: compileSnippet
  api=0 type=0 insize=6026 outsize=2627 kw=LIGHTMAP_OFF DIRLIGHTMAP_COMBINED DYNAMICLIGHTMAP_ON HDR_LIGHT_PREPASS_OFF pd= ok=1
Cmd: compileSnippet
  api=8 type=0 insize=6026 outsize=5395 kw=LIGHTMAP_OFF DIRLIGHTMAP_OFF DYNAMICLIGHTMAP_OFF UNITY_HDR_ON pd=UNITY_NO_SCREENSPACE_SHADOWS UNITY_NO_LINEAR_COLORSPACE ok=1
Cmd: compileSnippet
  api=1 type=1 insize=6026 outsize=355 kw=LIGHTMAP_OFF DIRLIGHTMAP_OFF DYNAMICLIGHTMAP_OFF HDR_LIGHT_PREPASS_OFF pd= ok=1
Cmd: compileSnippet
  api=1 type=1 insize=6026 outsize=298 kw=LIGHTMAP_OFF DIRLIGHTMAP_OFF DYNAMICLIGHTMAP_OFF UNITY_HDR_ON pd= ok=1
Cmd: compileSnippet
  api=4 type=0 insize=3093 outsize=2484 kw= pd= ok=1
Cmd: compileSnippet
  api=1 type=0 insize=1275 outsize=441 kw=DIRECTIONAL SHADOWS_OFF pd= ok=1
Cmd: compileSnippet
  api=1 type=0 insize=1275 outsize=441 kw=SPOT SHADOWS_OFF pd= ok=1
Cmd: compileSnippet
  api=1 type=0 insize=1275 outsize=441 kw=POINT_COOKIE SHADOWS_OFF pd= ok=1
Cmd: compileSnippet
  api=0 type=0 insize=1275 outsize=3543 kw=SPOT SHADOWS_DEPTH SHADOWS_NATIVE pd= ok=1
Cmd: compileSnippet
  api=1 type=0 insize=1275 outsize=441 kw=POINT SHADOWS_CUBE pd= ok=1
Cmd: compileSnippet
  api=4 type=0 insize=1275 outsize=1956 kw=POINT_COOKIE SHADOWS_CUBE pd= ok=1
Cmd: compileSnippet
  api=0 type=0 insize=1275 outsize=4193 kw=POINT SHADOWS_CUBE SHADOWS_SOFT pd= ok=1
Cmd: compileSnippet
  api=4 type=1 insize=1275 outsize=3955 kw=DIRECTIONAL SHADOWS_OFF pd= ok=1
Cmd: compileSnippet
  api=1 type=1 insize=1275 outsize=1402 kw=DIRECTIONAL_COOKIE SHADOWS_OFF pd= ok=1
Cmd: compileSnippet
  api=4 type=1 insize=1275 outsize=4256 kw=DIRECTIONAL SHADOWS_SCREEN pd= ok=1
Cmd: compileSnippet
  api=4 type=1 insize=1275 outsize=5515 kw=POINT_COOKIE SHADOWS_CUBE pd= ok=1
Cmd: compileSnippet
  api=0 type=1 insize=1275 outsize=6 kw=POINT_COOKIE SHADOWS_CUBE SHADOWS_SOFT pd= ok=1
Cmd: compileSnippet
  api=1 type=0 insize=1268 outsize=441 kw=DIRECTIONAL SHADOWS_OFF pd= ok=1
Cmd: compileSnippet
  api=0 type=0 insize=1268 outsize=3054 kw=SPOT SHADOWS_OFF pd= ok=1
Cmd: compileSnippet
  api=4 type=0 insize=1268 outsize=1956 kw=DIRECTIONAL_COOKIE SHADOWS_OFF pd= ok=1
Cmd: compileSnippet
  api=4 type=0 insize=1268 outsize=1956 kw=DIRECTIONAL SHADOWS_SCREEN pd= ok=1
Cmd: compileSnippet
  api=0 type=0 insize=1268 outsize=3257 kw=POINT SHADOWS_CUBE pd= ok=1
Cmd: compileSnippet
  api=0 type=0 insize=1268 outsize=4184 kw=POINT SHADOWS_CUBE SHADOWS_SOFT pd= ok=1
Cmd: compileSnippet
  api=0 type=1 insize=1268 outsize=6 kw=DIRECTIONAL SHADOWS_OFF pd= ok=1
Cmd: compileSnippet
  api=1 type=1 insize=1268 outsize=1520 kw=SPOT SHADOWS_OFF pd= ok=1
Cmd: compileSnippet
  api=4 type=1 insize=1268 outsize=4483 kw=DIRECTIONAL_COOKIE SHADOWS_OFF pd= ok=1
Cmd: compileSnippet
  api=0 type=1 insize=1268 outsize=6 kw=DIRECTIONAL_COOKIE SHADOWS_SCREEN pd= ok=1
Cmd: compileSnippet
  api=0 type=1 insize=1268 outsize=6 kw=POINT SHADOWS_CUBE pd= ok=1
Cmd: compileSnippet
  api=4 type=1 insize=1268 outsize=4954 kw=POINT SHADOWS_CUBE pd= ok=1
Cmd: compileSnippet
  api=1 type=1 insize=1268 outsize=1815 kw=POINT SHADOWS_CUBE SHADOWS_SOFT pd= ok=1
Cmd: compileSnippet
  api=1 type=0 insize=1273 outsize=441 kw=POINT SHADOWS_OFF pd= ok=1
Cmd: compileSnippet
  api=0 type=0 insize=1273 outsize=3059 kw=SPOT SHADOWS_OFF pd= ok=1
Cmd: compileSnippet
  api=4 type=0 insize=1273 outsize=1956 kw=SPOT SHADOWS_DEPTH SHADOWS_NATIVE pd= ok=1
Cmd: compileSnippet
  api=0 type=0 insize=1273 outsize=3262 kw=POINT SHADOWS_CUBE pd= ok=1
Cmd: compileSnippet
  api=0 type=0 insize=1273 outsize=4189 kw=POINT SHADOWS_CUBE SHADOWS_SOFT pd= ok=1
Cmd: compileSnippet
  api=4 type=1 insize=1273 outsize=3906 kw=DIRECTIONAL SHADOWS_OFF pd= ok=1
Cmd: compileSnippet
  api=1 type=1 insize=1273 outsize=1481 kw=POINT_COOKIE SHADOWS_OFF pd= ok=1
Cmd: compileSnippet
  api=0 type=1 insize=1273 outsize=6 kw=SPOT SHADOWS_DEPTH SHADOWS_NATIVE pd= ok=1
Cmd: compileSnippet
  api=0 type=1 insize=1273 outsize=6 kw=DIRECTIONAL_COOKIE SHADOWS_SCREEN pd= ok=1
Cmd: compileSnippet
  api=4 type=1 insize=1273 outsize=4816 kw=DIRECTIONAL_COOKIE SHADOWS_SCREEN pd= ok=1
Cmd: compileSnippet
  api=4 type=1 insize=1273 outsize=6620 kw=SPOT SHADOWS_DEPTH SHADOWS_SOFT SHADOWS_NATIVE pd= ok=1
Cmd: compileSnippet
  api=4 type=0 insize=1934 outsize=1956 kw=POINT SHADOWS_OFF pd= ok=1
Cmd: compileSnippet
  api=4 type=0 insize=1934 outsize=1956 kw=SPOT SHADOWS_OFF pd= ok=1
Cmd: compileSnippet
  api=4 type=0 insize=1934 outsize=1956 kw=POINT_COOKIE SHADOWS_OFF pd= ok=1
Cmd: compileSnippet
  api=1 type=0 insize=1934 outsize=441 kw=DIRECTIONAL_COOKIE SHADOWS_OFF pd= ok=1
Cmd: compileSnippet
  api=1 type=0 insize=1934 outsize=441 kw=SPOT SHADOWS_DEPTH SHADOWS_NATIVE pd= ok=1
Cmd: compileSnippet
  api=1 type=0 insize=1934 outsize=441 kw=DIRECTIONAL SHADOWS_SCREEN pd= ok=1
Cmd: compileSnippet
  api=0 type=0 insize=1934 outsize=4364 kw=DIRECTIONAL_COOKIE SHADOWS_SCREEN pd= ok=1
Cmd: compileSnippet
  api=4 type=0 insize=1934 outsize=1956 kw=SPOT SHADOWS_DEPTH SHADOWS_SOFT SHADOWS_NATIVE pd= ok=1
Cmd: compileSnippet
  api=1 type=0 insize=1934 outsize=441 kw=POINT_COOKIE SHADOWS_CUBE SHADOWS_SOFT pd= ok=1
Cmd: compileSnippet
  api=0 type=0 insize=1934 outsize=3842 kw=POINT SHADOWS_OFF UNITY_HDR_ON pd= ok=1
Cmd: compileSnippet
  api=4 type=0 insize=1934 outsize=1956 kw=SPOT SHADOWS_OFF UNITY_HDR_ON pd= ok=1
Cmd: compileSnippet
  api=1 type=0 insize=1934 outsize=441 kw=DIRECTIONAL_COOKIE SHADOWS_OFF UNITY_HDR_ON pd= ok=1
Cmd: compileSnippet
  api=4 type=0 insize=1934 outsize=1956 kw=SPOT SHADOWS_DEPTH SHADOWS_NATIVE UNITY_HDR_ON pd= ok=1
Cmd: compileSnippet
  api=4 type=0 insize=1934 outsize=1956 kw=DIRECTIONAL_COOKIE SHADOWS_SCREEN UNITY_HDR_ON pd= ok=1
Cmd: compileSnippet
  api=4 type=0 insize=1934 outsize=1956 kw=POINT SHADOWS_CUBE UNITY_HDR_ON pd= ok=1
Cmd: compileSnippet
  api=1 type=0 insize=1934 outsize=441 kw=SPOT SHADOWS_DEPTH SHADOWS_SOFT SHADOWS_NATIVE UNITY_HDR_ON pd= ok=1
Cmd: compileSnippet
  api=0 type=0 insize=1934 outsize=5270 kw=POINT SHADOWS_CUBE SHADOWS_SOFT UNITY_HDR_ON pd= ok=1
Cmd: compileSnippet
  api=4 type=1 insize=1934 outsize=6539 kw=POINT SHADOWS_OFF pd= ok=1
Cmd: compileSnippet
  api=4 type=1 insize=1934 outsize=7116 kw=POINT_COOKIE SHADOWS_OFF pd= ok=1
Cmd: compileSnippet
  api=1 type=1 insize=1934 outsize=2506 kw=DIRECTIONAL SHADOWS_SCREEN pd= ok=1
Cmd: compileSnippet
  api=4 type=1 insize=1934 outsize=7091 kw=POINT SHADOWS_CUBE pd= ok=1
Cmd: compileSnippet
  api=1 type=1 insize=1934 outsize=2765 kw=POINT SHADOWS_CUBE SHADOWS_SOFT pd= ok=1
Cmd: compileSnippet
  api=1 type=1 insize=1934 outsize=2250 kw=POINT SHADOWS_OFF UNITY_HDR_ON pd= ok=1
Cmd: compileSnippet
  api=1 type=1 insize=1934 outsize=2443 kw=SPOT SHADOWS_OFF UNITY_HDR_ON pd= ok=1
Cmd: compileSnippet
  api=0 type=1 insize=1934 outsize=6 kw=DIRECTIONAL SHADOWS_SCREEN UNITY_HDR_ON pd= ok=1
Cmd: compileSnippet
  api=0 type=1 insize=1934 outsize=6 kw=DIRECTIONAL_COOKIE SHADOWS_SCREEN UNITY_HDR_ON pd= ok=1
Cmd: compileSnippet
  api=4 type=1 insize=1934 outsize=7254 kw=DIRECTIONAL_COOKIE SHADOWS_SCREEN UNITY_HDR_ON pd= ok=1
Cmd: compileSnippet
  api=4 type=1 insize=1934 outsize=9098 kw=SPOT SHADOWS_DEPTH SHADOWS_SOFT SHADOWS_NATIVE UNITY_HDR_ON pd= ok=1
Cmd: compileSnippet
  api=1 type=0 insize=3264 outsize=441 kw= pd= ok=1
Cmd: compileSnippet
  api=0 type=0 insize=823 outsize=650 kw=UNITY_HDR_ON pd= ok=1
Cmd: compileSnippet
  api=4 type=1 insize=823 outsize=681 kw= pd= ok=1
Cmd: compileSnippet
  api=0 type=1 insize=1420 outsize=6 kw= pd= ok=1
Cmd: compileSnippet
  api=1 type=1 insize=6657 outsize=9282 kw= pd= ok=1
Cmd: compileSnippet
  api=0 type=0 insize=701 outsize=427 kw= pd= ok=1
Cmd: compileSnippet
  api=1 type=1 insize=701 outsize=98 kw= pd= ok=1
Cmd: compileSnippet
  api=4 type=0 insize=701 outsize=1071 kw= pd= ok=1
Cmd: compileSnippet
  api=4 type=1 insize=701 outsize=673 kw= pd= ok=1
Cmd: compileSnippet
  api=4 type=0 insize=1032 outsize=1006 kw= pd= ok=1
Cmd: compileSnippet
  api=8 type=0 insize=1032 outsize=1454 kw= pd=UNITY_NO_SCREENSPACE_SHADOWS UNITY_NO_LINEAR_COLORSPACE ok=1
Cmd: compileSnippet
  api=4 type=1 insize=1032 outsize=1526 kw= pd= ok=1
Unhandled exception: Readfile from pipe failed. GLE=


Quitting shader compiler process
